Microsoft HTML Help Compiler 4.74.8702

Compiling c:\Users\Administrator\Documents\WinCHM Projects\Project5_output\!SSL!\Microsoft_HTML_Help\VISUAL_DMIS使用帮助手册.chm

HHC4006: Warning: The file "第四章 元素测量\4.7 圆锥元素_clip_image002.jpg" is already listed in the [FILES] section of the project file.
HHC4006: Warning: The file "第四章 元素测量\4.6 圆柱元素_clip_image002_0000.jpg" is already listed in the [FILES] section of the project file.
HHC4006: Warning: The file "第四章 元素测量\4.4 面元素_clip_image002_0000.jpg" is already listed in the [FILES] section of the project file.
HHC4006: Warning: The file "第四章 元素测量\4.13 曲线元素_clip_image006.jpg" is already listed in the [FILES] section of the project file.
HHC4006: Warning: The file "第六章 坐标系\6.7 合并坐标系_clip_image004.jpg" is already listed in the [FILES] section of the project file.
HHC4006: Warning: The file "第六章 坐标系\6.6 拟合坐标系_clip_image008.jpg" is already listed in the [FILES] section of the project file.
HHC4006: Warning: The file "第六章 坐标系\6.1 3-2-1建立坐标系_clip_image022.jpg" is already listed in the [FILES] section of the project file.
HHC4006: Warning: The file "第六章 坐标系\6.1 3-2-1建立坐标系_clip_image011.jpg" is already listed in the [FILES] section of the project file.
HHC4006: Warning: The file "第五章 元素构造\5.14 阵列_clip_image009.jpg" is already listed in the [FILES] section of the project file.
HHC4006: Warning: The file "第五章 元素构造\5.12 旋转_clip_image002.jpg" is already listed in the [FILES] section of the project file.
HHC4006: Warning: The file "第五章 元素构造\5.10 偏移平面_clip_image002.jpg" is already listed in the [FILES] section of the project file.
HHC4006: Warning: The file "第二章 测量界面说明\2.5 报表窗口_clip_image002.jpg" is already listed in the [FILES] section of the project file.
HHC4006: Warning: The file "第二章 测量界面说明\2.4 图形窗口\2.4.1 视图浏览设置工具条\2.4.1 视图浏览设置工具条_clip_image109.jpg" is already listed in the [FILES] section of the project file.
HHC4006: Warning: The file "第二章 测量界面说明\2.4 图形窗口\2.4.1 视图浏览设置工具条\2.4.1 视图浏览设置工具条_clip_image092.jpg" is already listed in the [FILES] section of the project file.
HHC4006: Warning: The file "第二章 测量界面说明\2.4 图形窗口\2.4.1 视图浏览设置工具条\2.4.1 视图浏览设置工具条_clip_image055_0000.jpg" is already listed in the [FILES] section of the project file.
HHC4006: Warning: The file "第二章 测量界面说明\2.4 图形窗口\2.4.1 视图浏览设置工具条\2.4.1 视图浏览设置工具条_clip_image070.jpg" is already listed in the [FILES] section of the project file.
HHC4006: Warning: The file "第二章 测量界面说明\2.4 图形窗口\2.4.1 视图浏览设置工具条\2.4.1 视图浏览设置工具条_clip_image014_0000.jpg" is already listed in the [FILES] section of the project file.
HHC4006: Warning: The file "第二章 测量界面说明\2.2 系统主菜单\2.2.4 帮助_clip_image005.jpg" is already listed in the [FILES] section of the project file.
HHC4006: Warning: The file "第二章 测量界面说明\2.2 系统主菜单\2.2.3 显示\2.2.3 显示_clip_image038.jpg" is already listed in the [FILES] section of the project file.
HHC4006: Warning: The file "第二章 测量界面说明\2.2 系统主菜单\2.2.1 文件_clip_image014.jpg" is already listed in the [FILES] section of the project file.
HHC4006: Warning: The file "第九章 DMIS自学习功能应用\index_clip_image008.jpg" is already listed in the [FILES] section of the project file.
HHC4006: Warning: The file "第九章 DMIS自学习功能应用\9.3 程序运行、调试工具条_clip_image038.jpg" is already listed in the [FILES] section of the project file.
HHC4006: Warning: The file "第九章 DMIS自学习功能应用\9.3 程序运行、调试工具条_clip_image016.jpg" is already listed in the [FILES] section of the project file.
HHC4006: Warning: The file "第九章 DMIS自学习功能应用\9.1 DMIS程序编辑工具条_clip_image028.jpg" is already listed in the [FILES] section of the project file.
HHC4006: Warning: The file "第九章 DMIS自学习功能应用\9.1 DMIS程序编辑工具条_clip_image006.jpg" is already listed in the [FILES] section of the project file.
HHC4006: Warning: The file "第三章 测头组装与应用\3.7 批量定义测头_clip_image003_1.jpg" is already listed in the [FILES] section of the project file.
HHC4006: Warning: The file "第七章 公差评定\index_clip_image029.jpg" is already listed in the [FILES] section of the project file.
HHC4006: Warning: The file "第七章 公差评定\7.6 直线度_clip_image007.jpg" is already listed in the [FILES] section of the project file.
HHC4006: Warning: The file "第七章 公差评定\7.13 坐标系公差_clip_image002_0000.jpg" is already listed in the [FILES] section of the project file.
HHC4006: Warning: The file "第一章 概述\1.5 开机操作流程_clip_image006.jpg" is already listed in the [FILES] section of the project file.
HHC4006: Warning: The file "第一章 概述\1.4 说明\1.4.3 控件的使用_clip_image029.jpg" is already listed in the [FILES] section of the project file.
HHC4006: Warning: The file "第一章 概述\1.4 说明\1.4.3 控件的使用_clip_image018.jpg" is already listed in the [FILES] section of the project file.
HHC4006: Warning: The file "第一章 概述\1.4 说明\1.4.3 控件的使用_clip_image007.jpg" is already listed in the [FILES] section of the project file.
HHC4006: Warning: The file "第四章 元素测量\4.7 圆锥元素_clip_image002_0000.jpg" is already listed in the [FILES] section of the project file.
HHC4006: Warning: The file "第四章 元素测量\4.12 方键槽元素_clip_image007.jpg" is already listed in the [FILES] section of the project file.
HHC4006: Warning: The file "第六章 坐标系\6.5 三点偏移坐标系_clip_image004.jpg" is already listed in the [FILES] section of the project file.
HHC4006: Warning: The file "第六章 坐标系\6.3 旋转坐标系_clip_image010.jpg" is already listed in the [FILES] section of the project file.
HHC4006: Warning: The file "第五章 元素构造\5.9 移动_clip_image004.jpg" is already listed in the [FILES] section of the project file.
HHC4006: Warning: The file "第五章 元素构造\5.5 相切_clip_image003_0000.jpg" is already listed in the [FILES] section of the project file.
HHC4006: Warning: The file "第五章 元素构造\5.4 拟合_clip_image002.jpg" is already listed in the [FILES] section of the project file.
HHC4006: Warning: The file "第五章 元素构造\5.12 旋转_clip_image002_0000.jpg" is already listed in the [FILES] section of the project file.
HHC4006: Warning: The file "第五章 元素构造\5.11 镜像_clip_image002.jpg" is already listed in the [FILES] section of the project file.
HHC4006: Warning: The file "第二章 测量界面说明\2.7 系统状态1区\2.7.1 系统状态栏_clip_image009.jpg" is already listed in the [FILES] section of the project file.
HHC4006: Warning: The file "第二章 测量界面说明\2.6 数据库区\2.6.3 测头数据库_clip_image005.jpg" is already listed in the [FILES] section of the project file.
HHC4006: Warning: The file "第二章 测量界面说明\2.6 数据库区\2.6.2 公差数据库_clip_image052.jpg" is already listed in the [FILES] section of the project file.
HHC4006: Warning: The file "第二章 测量界面说明\2.6 数据库区\2.6.2 公差数据库_clip_image041.jpg" is already listed in the [FILES] section of the project file.
HHC4006: Warning: The file "第二章 测量界面说明\2.6 数据库区\2.6.1 测量元素数据库_clip_image071.jpg" is already listed in the [FILES] section of the project file.
HHC4006: Warning: The file "第二章 测量界面说明\2.4 图形窗口\2.4.1 视图浏览设置工具条\2.4.1 视图浏览设置工具条_clip_image093.jpg" is already listed in the [FILES] section of the project file.
HHC4006: Warning: The file "第二章 测量界面说明\2.2 系统主菜单\2.2.3 显示\2.2.3 显示_clip_image006.jpg" is already listed in the [FILES] section of the project file.
HHC4006: Warning: The file "第二章 测量界面说明\2.2 系统主菜单\2.2.3 显示\2.2.3 显示_clip_image017.jpg" is already listed in the [FILES] section of the project file.
HHC4006: Warning: The file "第二章 测量界面说明\2.2 系统主菜单\2.2.2 设置\2.2.2.3 工具条_clip_image007.jpg" is already listed in the [FILES] section of the project file.
HHC4006: Warning: The file "第二章 测量界面说明\2.2 系统主菜单\2.2.2 设置\2.2.2.1 系统设置\2.2.2.1 系统设置_clip_image043.jpg" is already listed in the [FILES] section of the project file.
HHC4006: Warning: The file "第二章 测量界面说明\2.2 系统主菜单\2.2.2 设置\2.2.2.1 系统设置\2.2.2.1 系统设置_clip_image021.jpg" is already listed in the [FILES] section of the project file.
HHC4006: Warning: The file "第二章 测量界面说明\2.2 系统主菜单\2.2.1 文件_clip_image004.jpg" is already listed in the [FILES] section of the project file.
HHC4006: Warning: The file "第九章 DMIS自学习功能应用\9.3 程序运行、调试工具条_clip_image028.jpg" is already listed in the [FILES] section of the project file.
HHC4006: Warning: The file "第九章 DMIS自学习功能应用\9.3 程序运行、调试工具条_clip_image006.jpg" is already listed in the [FILES] section of the project file.
HHC4006: Warning: The file "第九章 DMIS自学习功能应用\9.2 测量程序_clip_image002.jpg" is already listed in the [FILES] section of the project file.
HHC4006: Warning: The file "第九章 DMIS自学习功能应用\9.1 DMIS程序编辑工具条_clip_image018_2.jpg" is already listed in the [FILES] section of the project file.
HHC4006: Warning: The file "第三章 测头组装与应用\3.7 批量定义测头_clip_image005.jpg" is already listed in the [FILES] section of the project file.
HHC4006: Warning: The file "第三章 测头组装与应用\3.5 测头测量参数设置_clip_image003_0000.jpg" is already listed in the [FILES] section of the project file.
HHC4006: Warning: The file "第七章 公差评定\7.5 倾斜度_clip_image002.jpg" is already listed in the [FILES] section of the project file.
HHC4006: Warning: The file "第七章 公差评定\7.3 平行度_clip_image002_0000.jpg" is already listed in the [FILES] section of the project file.
HHC4006: Warning: The file "第七章 公差评定\7.19 位置度_clip_image002_0000.jpg" is already listed in the [FILES] section of the project file.
HHC4006: Warning: The file "第七章 公差评定\7.14 圆跳动_clip_image006.jpg" is already listed in the [FILES] section of the project file.
HHC4006: Warning: The file "第一章 概述\1.5 开机操作流程_clip_image007.jpg" is already listed in the [FILES] section of the project file.
HHC4006: Warning: The file "第四章 元素测量\4.7 圆锥元素_clip_image004.jpg" is already listed in the [FILES] section of the project file.
HHC4006: Warning: The file "第六章 坐标系\6.7 合并坐标系_clip_image006.jpg" is already listed in the [FILES] section of the project file.
HHC4006: Warning: The file "第六章 坐标系\6.3 旋转坐标系_clip_image020.gif" is already listed in the [FILES] section of the project file.
HHC4006: Warning: The file "第六章 坐标系\6.1 3-2-1建立坐标系_clip_image002.jpg" is already listed in the [FILES] section of the project file.
HHC4006: Warning: The file "第八章 报表输出\8.4 图形报表输出_clip_image004_0000.jpg" is already listed in the [FILES] section of the project file.
HHC4006: Warning: The file "第八章 报表输出\8.2 报表工具条_clip_image050.jpg" is already listed in the [FILES] section of the project file.
HHC4006: Warning: The file "第八章 报表输出\8.1 图形报表输出_clip_image008.jpg" is already listed in the [FILES] section of the project file.
HHC4006: Warning: The file "第五章 元素构造\5.9 移动_clip_image002_0000.jpg" is already listed in the [FILES] section of the project file.
HHC4006: Warning: The file "第五章 元素构造\5.3 中分_clip_image002.jpg" is already listed in the [FILES] section of the project file.
HHC4006: Warning: The file "第五章 元素构造\5.12 旋转_clip_image004.jpg" is already listed in the [FILES] section of the project file.
HHC4006: Warning: The file "第五章 元素构造\5.10 偏移平面_clip_image004.jpg" is already listed in the [FILES] section of the project file.
HHC4006: Warning: The file "第二章 测量界面说明\2.6 数据库区\2.6.3 测头数据库_clip_image007_0000.jpg" is already listed in the [FILES] section of the project file.
HHC4006: Warning: The file "第二章 测量界面说明\2.6 数据库区\2.6.2 公差数据库_clip_image050.gif" is already listed in the [FILES] section of the project file.
HHC4006: Warning: The file "第二章 测量界面说明\2.6 数据库区\2.6.2 公差数据库_clip_image031.jpg" is already listed in the [FILES] section of the project file.
HHC4006: Warning: The file "第二章 测量界面说明\2.4 图形窗口\2.4.1 视图浏览设置工具条\2.4.1 视图浏览设置工具条_clip_image072.jpg" is already listed in the [FILES] section of the project file.
HHC4006: Warning: The file "第二章 测量界面说明\2.4 图形窗口\2.4.1 视图浏览设置工具条\2.4.1 视图浏览设置工具条_clip_image061.jpg" is already listed in the [FILES] section of the project file.
HHC4006: Warning: The file "第二章 测量界面说明\2.4 图形窗口\2.4.1 视图浏览设置工具条\2.4.1 视图浏览设置工具条_clip_image050――1.jpg" is already listed in the [FILES] section of the project file.
HHC4006: Warning: The file "第二章 测量界面说明\2.2 系统主菜单\2.2.4 帮助_clip_image007.jpg" is already listed in the [FILES] section of the project file.
HHC4006: Warning: The file "第二章 测量界面说明\2.2 系统主菜单\2.2.3 显示\2.2.3 显示_clip_image004.gif" is already listed in the [FILES] section of the project file.
HHC4006: Warning: The file "第二章 测量界面说明\2.2 系统主菜单\2.2.2 设置\2.2.2.1 系统设置\2.2.2.1 系统设置_clip_image011.jpg" is already listed in the [FILES] section of the project file.
HHC4006: Warning: The file "第二章 测量界面说明\2.2 系统主菜单\2.2.1 文件_clip_image016.jpg" is already listed in the [FILES] section of the project file.
HHC4006: Warning: The file "第九章 DMIS自学习功能应用\9.4 右键菜单_clip_image006_0003.jpg" is already listed in the [FILES] section of the project file.
HHC4006: Warning: The file "第九章 DMIS自学习功能应用\9.3 程序运行、调试工具条_clip_image018.jpg" is already listed in the [FILES] section of the project file.
HHC4006: Warning: The file "第九章 DMIS自学习功能应用\9.1 DMIS程序编辑工具条_clip_image008.jpg" is already listed in the [FILES] section of the project file.
HHC4006: Warning: The file "第三章 测头组装与应用\3.6 RTP20校验_clip_image002.jpg" is already listed in the [FILES] section of the project file.
HHC4006: Warning: The file "第三章 测头组装与应用\3.2 定义测头_clip_image003_0000.jpg" is already listed in the [FILES] section of the project file.
HHC4006: Warning: The file "第三章 测头组装与应用\3.2 定义测头_clip_image003.jpg" is already listed in the [FILES] section of the project file.
HHC4006: Warning: The file "第七章 公差评定\7.7 平面度_clip_image002.jpg" is already listed in the [FILES] section of the project file.
HHC4006: Warning: The file "第七章 公差评定\7.4 垂直度_clip_image002.jpg" is already listed in the [FILES] section of the project file.
HHC4006: Warning: The file "第七章 公差评定\7.19 位置度_clip_image002.jpg" is already listed in the [FILES] section of the project file.
HHC4006: Warning: The file "第七章 公差评定\7.17 对称度_clip_image006.jpg" is already listed in the [FILES] section of the project file.
HHC4006: Warning: The file "第四章 元素测量\4.5 圆元素_clip_image002_0000.jpg" is already listed in the [FILES] section of the project file.
HHC4006: Warning: The file "第四章 元素测量\4.1 元素的测量_clip_image040.jpg" is already listed in the [FILES] section of the project file.
HHC4006: Warning: The file "第六章 坐标系\6.5 三点偏移坐标系_clip_image006.jpg" is already listed in the [FILES] section of the project file.
HHC4006: Warning: The file "第六章 坐标系\6.4 两点偏移坐标系_clip_image002.jpg" is already listed in the [FILES] section of the project file.
HHC4006: Warning: The file "第六章 坐标系\6.3 旋转坐标系_clip_image012.jpg" is already listed in the [FILES] section of the project file.
HHC4006: Warning: The file "第六章 坐标系\6.2 平移坐标系_clip_image007.jpg" is already listed in the [FILES] section of the project file.
HHC4006: Warning: The file "第八章 报表输出\8.2 报表工具条_clip_image040.jpg" is already listed in the [FILES] section of the project file.
HHC4006: Warning: The file "第八章 报表输出\8.1 图形报表输出_clip_image009.jpg" is already listed in the [FILES] section of the project file.
HHC4006: Warning: The file "第五章 元素构造\5.9 移动_clip_image006.jpg" is already listed in the [FILES] section of the project file.
HHC4006: Warning: The file "第五章 元素构造\5.6 提取_clip_image002.jpg" is already listed in the [FILES] section of the project file.
HHC4006: Warning: The file "第五章 元素构造\5.4 拟合_clip_image004.jpg" is already listed in the [FILES] section of the project file.
HHC4006: Warning: The file "第五章 元素构造\5.3 中分_clip_image003.jpg" is already listed in the [FILES] section of the project file.
HHC4006: Warning: The file "第五章 元素构造\5.16 元素端点_clip_image002.jpg" is already listed in the [FILES] section of the project file.
HHC4006: Warning: The file "第五章 元素构造\5.11 镜像_clip_image004.jpg" is already listed in the [FILES] section of the project file.
HHC4006: Warning: The file "第二章 测量界面说明\2.7 系统状态1区\index_clip_image004.jpg" is already listed in the [FILES] section of the project file.
HHC4006: Warning: The file "第二章 测量界面说明\2.6 数据库区\2.6.3 测头数据库_clip_image007.jpg" is already listed in the [FILES] section of the project file.
HHC4006: Warning: The file "第二章 测量界面说明\2.6 数据库区\2.6.2 公差数据库_clip_image043.jpg" is already listed in the [FILES] section of the project file.
HHC4006: Warning: The file "第二章 测量界面说明\2.6 数据库区\2.6.2 公差数据库_clip_image021.jpg" is already listed in the [FILES] section of the project file.
HHC4006: Warning: The file "第二章 测量界面说明\2.6 数据库区\2.6.1 测量元素数据库_clip_image062.jpg" is already listed in the [FILES] section of the project file.
HHC4006: Warning: The file "第二章 测量界面说明\2.6 数据库区\2.6.1 测量元素数据库_clip_image051.jpg" is already listed in the [FILES] section of the project file.
HHC4006: Warning: The file "第二章 测量界面说明\2.6 数据库区\2.6.1 测量元素数据库_clip_image040.jpg" is already listed in the [FILES] section of the project file.
HHC4006: Warning: The file "第二章 测量界面说明\2.4 图形窗口\2.4.1 视图浏览设置工具条\2.4.1 视图浏览设置工具条_clip_image059_0000.jpg" is already listed in the [FILES] section of the project file.
HHC4006: Warning: The file "第二章 测量界面说明\2.4 图形窗口\2.4.1 视图浏览设置工具条\2.4.1 视图浏览设置工具条_clip_image095.jpg" is already listed in the [FILES] section of the project file.
HHC4006: Warning: The file "第二章 测量界面说明\2.4 图形窗口\2.4.1 视图浏览设置工具条\2.4.1 视图浏览设置工具条_clip_image051.jpg" is already listed in the [FILES] section of the project file.
HHC4006: Warning: The file "第二章 测量界面说明\2.2 系统主菜单\2.2.3 显示\2.2.3 显示_clip_image008.jpg" is already listed in the [FILES] section of the project file.
HHC4006: Warning: The file "第二章 测量界面说明\2.2 系统主菜单\2.2.2 设置\2.2.2.1 系统设置\2.2.2.1 系统设置_2.2.2.1 系统设置_clip_image029_1.jpg" is already listed in the [FILES] section of the project file.
HHC4006: Warning: The file "第二章 测量界面说明\2.2 系统主菜单\2.2.2 设置\2.2.2.1 系统设置\2.2.2.1 系统设置_clip_image023.jpg" is already listed in the [FILES] section of the project file.
HHC4006: Warning: The file "第二章 测量界面说明\2.2 系统主菜单\2.2.2 设置\2.2.2.1 系统设置\2.2.2.1 系统设置_clip_image045.jpg" is already listed in the [FILES] section of the project file.
HHC4006: Warning: The file "第二章 测量界面说明\2.2 系统主菜单\2.2.1 文件_clip_image006.jpg" is already listed in the [FILES] section of the project file.
HHC4006: Warning: The file "第九章 DMIS自学习功能应用\9.3 程序运行、调试工具条_clip_image008.jpg" is already listed in the [FILES] section of the project file.
HHC4006: Warning: The file "第九章 DMIS自学习功能应用\9.2 测量程序_clip_image004.jpg" is already listed in the [FILES] section of the project file.
HHC4006: Warning: The file "第三章 测头组装与应用\3.7 批量定义测头_clip_image007.jpg" is already listed in the [FILES] section of the project file.
HHC4006: Warning: The file "第三章 测头组装与应用\3.1 测头组装_clip_image021.jpg" is already listed in the [FILES] section of the project file.
HHC4006: Warning: The file "第七章 公差评定\index_clip_image013_2.jpg" is already listed in the [FILES] section of the project file.
HHC4006: Warning: The file "第七章 公差评定\7.8 圆度_clip_image002.jpg" is already listed in the [FILES] section of the project file.
HHC4006: Warning: The file "第七章 公差评定\7.2 夹角_clip_image010.jpg" is already listed in the [FILES] section of the project file.
HHC4006: Warning: The file "第七章 公差评定\7.17 对称度_clip_image007.jpg" is already listed in the [FILES] section of the project file.
HHC4006: Warning: The file "第一章 概述\1.4 说明\1.4.3 控件的使用_clip_image016_1.jpg" is already listed in the [FILES] section of the project file.
HHC4006: Warning: The file "第一章 概述\1.4 说明\1.4.3 控件的使用_1.4.3 控件的使用_clip_image004.jpg" is already listed in the [FILES] section of the project file.
HHC4006: Warning: The file "第四章 元素测量\4.8 球元素_clip_image002_0000.jpg" is already listed in the [FILES] section of the project file.
HHC4006: Warning: The file "第四章 元素测量\4.7 圆锥元素_clip_image006.jpg" is already listed in the [FILES] section of the project file.
HHC4006: Warning: The file "第四章 元素测量\4.4 面元素_clip_image002.jpg" is already listed in the [FILES] section of the project file.
HHC4006: Warning: The file "第四章 元素测量\4.3 线元素_clip_image002.jpg" is already listed in the [FILES] section of the project file.
HHC4006: Warning: The file "第四章 元素测量\4.11 圆键槽元素_clip_image002.jpg" is already listed in the [FILES] section of the project file.
HHC4006: Warning: The file "第四章 元素测量\4.1 元素的测量_clip_image030.jpg" is already listed in the [FILES] section of the project file.
HHC4006: Warning: The file "第六章 坐标系\6.7 合并坐标系_clip_image008.jpg" is already listed in the [FILES] section of the project file.
HHC4006: Warning: The file "第六章 坐标系\6.3 旋转坐标系_clip_image002.jpg" is already listed in the [FILES] section of the project file.
HHC4006: Warning: The file "第六章 坐标系\6.2 平移坐标系_clip_image008.jpg" is already listed in the [FILES] section of the project file.
HHC4006: Warning: The file "第六章 坐标系\6.2 平移坐标系_clip_image002_0000.jpg" is already listed in the [FILES] section of the project file.
HHC4006: Warning: The file "第八章 报表输出\8.4 图形报表输出_clip_image020.jpg" is already listed in the [FILES] section of the project file.
HHC4006: Warning: The file "第八章 报表输出\8.2 报表工具条_clip_image052.jpg" is already listed in the [FILES] section of the project file.
HHC4006: Warning: The file "第八章 报表输出\8.2 报表工具条_clip_image030.jpg" is already listed in the [FILES] section of the project file.
HHC4006: Warning: The file "第二章 测量界面说明\2.9 数据显示区_clip_image021.jpg" is already listed in the [FILES] section of the project file.
HHC4006: Warning: The file "第二章 测量界面说明\2.6 数据库区\index_clip_image011.jpg" is already listed in the [FILES] section of the project file.
HHC4006: Warning: The file "第二章 测量界面说明\2.6 数据库区\2.6.2 公差数据库_clip_image033.jpg" is already listed in the [FILES] section of the project file.
HHC4006: Warning: The file "第二章 测量界面说明\2.6 数据库区\2.6.2 公差数据库_clip_image011.jpg" is already listed in the [FILES] section of the project file.
HHC4006: Warning: The file "第二章 测量界面说明\2.6 数据库区\2.6.1 测量元素数据库_clip_image063.jpg" is already listed in the [FILES] section of the project file.
HHC4006: Warning: The file "第二章 测量界面说明\2.4 图形窗口\2.4.1 视图浏览设置工具条\2.4.1 视图浏览设置工具条_clip_image085.jpg" is already listed in the [FILES] section of the project file.
HHC4006: Warning: The file "第二章 测量界面说明\2.4 图形窗口\2.4.1 视图浏览设置工具条\2.4.1 视图浏览设置工具条_clip_image074.jpg" is already listed in the [FILES] section of the project file.
HHC4006: Warning: The file "第二章 测量界面说明\2.4 图形窗口\2.4.1 视图浏览设置工具条\2.4.1 视图浏览设置工具条_clip_image063.jpg" is already listed in the [FILES] section of the project file.
HHC4006: Warning: The file "第二章 测量界面说明\2.2 系统主菜单\2.2.4 帮助_clip_image009.jpg" is already listed in the [FILES] section of the project file.
HHC4006: Warning: The file "第二章 测量界面说明\2.2 系统主菜单\2.2.2 设置\2.2.2.1 系统设置\2.2.2.1 系统设置_clip_image035.jpg" is already listed in the [FILES] section of the project file.
HHC4006: Warning: The file "第二章 测量界面说明\2.2 系统主菜单\2.2.2 设置\2.2.2.1 系统设置\2.2.2.1 系统设置_clip_image013.jpg" is already listed in the [FILES] section of the project file.
HHC4006: Warning: The file "第二章 测量界面说明\2.2 系统主菜单\2.2.1 文件_clip_image018.jpg" is already listed in the [FILES] section of the project file.
HHC4006: Warning: The file "第二章 测量界面说明\2.1 测量界面概述_clip_image009.jpg" is already listed in the [FILES] section of the project file.
HHC4006: Warning: The file "第三章 测头组装与应用\3.4 校验测头_clip_image011.jpg" is already listed in the [FILES] section of the project file.
HHC4006: Warning: The file "第三章 测头组装与应用\3.2 定义测头_clip_image016.jpg" is already listed in the [FILES] section of the project file.
HHC4006: Warning: The file "第三章 测头组装与应用\3.1 测头组装_clip_image011.jpg" is already listed in the [FILES] section of the project file.
HHC4006: Warning: The file "第七章 公差评定\7.3 平行度_clip_image002.jpg" is already listed in the [FILES] section of the project file.
HHC4006: Warning: The file "第七章 公差评定\7.20 点轮廓度_clip_image002.jpg" is already listed in the [FILES] section of the project file.
HHC4006: Warning: The file "第七章 公差评定\7.13 坐标系公差_clip_image007.jpg" is already listed in the [FILES] section of the project file.
HHC4006: Warning: The file "第七章 公差评定\7.1 距离_clip_image010.jpg" is already listed in the [FILES] section of the project file.
HHC4006: Warning: The file "第一章 概述\1.4 说明\1.4.3 控件的使用_clip_image033_0000.jpg" is already listed in the [FILES] section of the project file.
HHC4006: Warning: The file "第四章 元素测量\4.5 圆元素_clip_image002.jpg" is already listed in the [FILES] section of the project file.
HHC4006: Warning: The file "第四章 元素测量\4.2 点元素_clip_image002.jpg" is already listed in the [FILES] section of the project file.
HHC4006: Warning: The file "第四章 元素测量\4.14 曲面元素_clip_image002.jpg" is already listed in the [FILES] section of the project file.
HHC4006: Warning: The file "第四章 元素测量\4.13 曲线元素_clip_image002_0000.jpg" is already listed in the [FILES] section of the project file.
HHC4006: Warning: The file "第四章 元素测量\4.1 元素的测量_clip_image042.jpg" is already listed in the [FILES] section of the project file.
HHC4006: Warning: The file "第四章 元素测量\4.1 元素的测量_clip_image020.jpg" is already listed in the [FILES] section of the project file.
HHC4006: Warning: The file "第六章 坐标系\6.6 拟合坐标系_clip_image002_0000.jpg" is already listed in the [FILES] section of the project file.
HHC4006: Warning: The file "第六章 坐标系\6.5 三点偏移坐标系_clip_image008.jpg" is already listed in the [FILES] section of the project file.
HHC4006: Warning: The file "第六章 坐标系\6.3 旋转坐标系_clip_image014.jpg" is already listed in the [FILES] section of the project file.
HHC4006: Warning: The file "第八章 报表输出\8.4 图形报表输出_clip_image010.jpg" is already listed in the [FILES] section of the project file.
HHC4006: Warning: The file "第八章 报表输出\8.2 报表工具条_clip_image042.jpg" is already listed in the [FILES] section of the project file.
HHC4006: Warning: The file "第八章 报表输出\8.2 报表工具条_clip_image020.jpg" is already listed in the [FILES] section of the project file.
HHC4006: Warning: The file "第五章 元素构造\5.9 移动_clip_image008.jpg" is already listed in the [FILES] section of the project file.
HHC4006: Warning: The file "第五章 元素构造\5.8 垂直_clip_image002.jpg" is already listed in the [FILES] section of the project file.
HHC4006: Warning: The file "第五章 元素构造\5.6 提取_clip_image004.jpg" is already listed in the [FILES] section of the project file.
HHC4006: Warning: The file "第五章 元素构造\5.4 拟合_clip_image002_0000.jpg" is already listed in the [FILES] section of the project file.
HHC4006: Warning: The file "第五章 元素构造\5.3 中分_clip_image005.jpg" is already listed in the [FILES] section of the project file.
HHC4006: Warning: The file "第五章 元素构造\5.16 元素端点_clip_image004.jpg" is already listed in the [FILES] section of the project file.
HHC4006: Warning: The file "第五章 元素构造\5.15 元素转换_clip_image002.jpg" is already listed in the [FILES] section of the project file.
HHC4006: Warning: The file "第二章 测量界面说明\2.9 数据显示区_clip_image011.jpg" is already listed in the [FILES] section of the project file.
HHC4006: Warning: The file "第二章 测量界面说明\2.6 数据库区\2.6.3 测头数据库_clip_image009.jpg" is already listed in the [FILES] section of the project file.
HHC4006: Warning: The file "第二章 测量界面说明\2.6 数据库区\2.6.2 公差数据库_clip_image045.jpg" is already listed in the [FILES] section of the project file.
HHC4006: Warning: The file "第二章 测量界面说明\2.6 数据库区\2.6.2 公差数据库_clip_image023.jpg" is already listed in the [FILES] section of the project file.
HHC4006: Warning: The file "第二章 测量界面说明\2.6 数据库区\2.6.1 测量元素数据库_clip_image031.jpg" is already listed in the [FILES] section of the project file.
HHC4006: Warning: The file "第二章 测量界面说明\2.4 图形窗口\2.4.1 视图浏览设置工具条\2.4.1 视图浏览设置工具条_clip_image130.jpg" is already listed in the [FILES] section of the project file.
HHC4006: Warning: The file "第二章 测量界面说明\2.4 图形窗口\2.4.1 视图浏览设置工具条\2.4.1 视图浏览设置工具条_clip_image097.jpg" is already listed in the [FILES] section of the project file.
HHC4006: Warning: The file "第二章 测量界面说明\2.4 图形窗口\2.4.1 视图浏览设置工具条\2.4.1 视图浏览设置工具条_clip_image086.jpg" is already listed in the [FILES] section of the project file.
HHC4006: Warning: The file "第二章 测量界面说明\2.4 图形窗口\2.4.1 视图浏览设置工具条\2.4.1 视图浏览设置工具条_clip_image064.jpg" is already listed in the [FILES] section of the project file.
HHC4006: Warning: The file "第二章 测量界面说明\2.4 图形窗口\2.4.1 视图浏览设置工具条\2.4.1 视图浏览设置工具条_clip_image053.jpg" is already listed in the [FILES] section of the project file.
HHC4006: Warning: The file "第二章 测量界面说明\2.4 图形窗口\2.4.1 视图浏览设置工具条\2.4.1 视图浏览设置工具条_clip_image031.jpg" is already listed in the [FILES] section of the project file.
HHC4006: Warning: The file "第二章 测量界面说明\2.4 图形窗口\2.4.1 视图浏览设置工具条\2.4.1 视图浏览设置工具条_clip_image020.jpg" is already listed in the [FILES] section of the project file.
HHC4006: Warning: The file "第二章 测量界面说明\2.2 系统主菜单\2.2.2 设置\2.2.2.1 系统设置\2.2.2.1 系统设置_clip_image047.jpg" is already listed in the [FILES] section of the project file.
HHC4006: Warning: The file "第二章 测量界面说明\2.2 系统主菜单\2.2.2 设置\2.2.2.1 系统设置\2.2.2.1 系统设置_clip_image003.jpg" is already listed in the [FILES] section of the project file.
HHC4006: Warning: The file "第二章 测量界面说明\2.2 系统主菜单\2.2.1 文件_clip_image008.jpg" is already listed in the [FILES] section of the project file.
HHC4006: Warning: The file "第九章 DMIS自学习功能应用\9.1 DMIS程序编辑工具条_clip_image006_0000.jpg" is already listed in the [FILES] section of the project file.
HHC4006: Warning: The file "第三章 测头组装与应用\3.7 批量定义测头_clip_image009.jpg" is already listed in the [FILES] section of the project file.
HHC4006: Warning: The file "第三章 测头组装与应用\3.6 RTP20校验_clip_image005.jpg" is already listed in the [FILES] section of the project file.
HHC4006: Warning: The file "第三章 测头组装与应用\3.2 定义测头_clip_image017.jpg" is already listed in the [FILES] section of the project file.
HHC4006: Warning: The file "第三章 测头组装与应用\3.1 测头组装_clip_image023.jpg" is already listed in the [FILES] section of the project file.
HHC4006: Warning: The file "第七章 公差评定\7.5 倾斜度_clip_image006.jpg" is already listed in the [FILES] section of the project file.
HHC4006: Warning: The file "第七章 公差评定\7.22 面轮廓度_clip_image002.jpg" is already listed in the [FILES] section of the project file.
HHC4006: Warning: The file "第七章 公差评定\7.17 对称度_clip_image002_0000.jpg" is already listed in the [FILES] section of the project file.
HHC4006: Warning: The file "第七章 公差评定\7.13 坐标系公差_clip_image008.jpg" is already listed in the [FILES] section of the project file.
HHC4006: Warning: The file "第四章 元素测量\4.4 面元素_clip_image004.jpg" is already listed in the [FILES] section of the project file.
HHC4006: Warning: The file "第四章 元素测量\4.3 线元素_clip_image004.jpg" is already listed in the [FILES] section of the project file.
HHC4006: Warning: The file "第四章 元素测量\4.14 曲面元素_clip_image003.jpg" is already listed in the [FILES] section of the project file.
HHC4006: Warning: The file "第四章 元素测量\4.11 圆键槽元素_clip_image004.jpg" is already listed in the [FILES] section of the project file.
HHC4006: Warning: The file "第四章 元素测量\4.1 元素的测量_clip_image032.jpg" is already listed in the [FILES] section of the project file.
HHC4006: Warning: The file "第四章 元素测量\4.1 元素的测量_clip_image010.jpg" is already listed in the [FILES] section of the project file.
HHC4006: Warning: The file "第六章 坐标系\6.4 两点偏移坐标系_clip_image005.jpg" is already listed in the [FILES] section of the project file.
HHC4006: Warning: The file "第六章 坐标系\6.3 旋转坐标系_clip_image004.jpg" is already listed in the [FILES] section of the project file.
HHC4006: Warning: The file "第六章 坐标系\6.1 3-2-1建立坐标系_clip_image017.jpg" is already listed in the [FILES] section of the project file.
HHC4006: Warning: The file "第八章 报表输出\8.2 报表工具条_clip_image054.jpg" is already listed in the [FILES] section of the project file.
HHC4006: Warning: The file "第八章 报表输出\8.2 报表工具条_clip_image032.jpg" is already listed in the [FILES] section of the project file.
HHC4006: Warning: The file "第八章 报表输出\8.2 报表工具条_clip_image010.jpg" is already listed in the [FILES] section of the project file.
HHC4006: Warning: The file "第五章 元素构造\5.6 提取_clip_image002_0000.jpg" is already listed in the [FILES] section of the project file.
HHC4006: Warning: The file "第五章 元素构造\5.5 相切_clip_image004_0000.jpg" is already listed in the [FILES] section of the project file.
HHC4006: Warning: The file "第五章 元素构造\5.2 相交_clip_image002.jpg" is already listed in the [FILES] section of the project file.
HHC4006: Warning: The file "第五章 元素构造\5.15 元素转换_clip_image002_0000.jpg" is already listed in the [FILES] section of the project file.
HHC4006: Warning: The file "第二章 测量界面说明\2.9 数据显示区_clip_image023.jpg" is already listed in the [FILES] section of the project file.
HHC4006: Warning: The file "第二章 测量界面说明\2.8 系统状态2区_clip_image011.jpg" is already listed in the [FILES] section of the project file.
HHC4006: Warning: The file "第二章 测量界面说明\2.7 系统状态1区\2.7.1 系统状态栏_clip_image007_0000.jpg" is already listed in the [FILES] section of the project file.
HHC4006: Warning: The file "第二章 测量界面说明\2.6 数据库区\index_clip_image013.jpg" is already listed in the [FILES] section of the project file.
HHC4006: Warning: The file "第二章 测量界面说明\2.6 数据库区\2.6.2 公差数据库_clip_image035.jpg" is already listed in the [FILES] section of the project file.
HHC4006: Warning: The file "第二章 测量界面说明\2.6 数据库区\2.6.2 公差数据库_clip_image013.jpg" is already listed in the [FILES] section of the project file.
HHC4006: Warning: The file "第二章 测量界面说明\2.6 数据库区\2.6.1 测量元素数据库_clip_image065.jpg" is already listed in the [FILES] section of the project file.
HHC4006: Warning: The file "第二章 测量界面说明\2.6 数据库区\2.6.1 测量元素数据库_clip_image021.jpg" is already listed in the [FILES] section of the project file.
HHC4006: Warning: The file "第二章 测量界面说明\2.4 图形窗口\2.4.1 视图浏览设置工具条\2.4.1 视图浏览设置工具条_clip_image076.jpg" is already listed in the [FILES] section of the project file.
HHC4006: Warning: The file "第二章 测量界面说明\2.4 图形窗口\2.4.1 视图浏览设置工具条\2.4.1 视图浏览设置工具条_clip_image043.jpg" is already listed in the [FILES] section of the project file.
HHC4006: Warning: The file "第二章 测量界面说明\2.3 主工具条_clip_image005.jpg" is already listed in the [FILES] section of the project file.
HHC4006: Warning: The file "第二章 测量界面说明\2.2 系统主菜单\2.2.3 显示\2.2.3 显示_clip_image060.jpg" is already listed in the [FILES] section of the project file.
HHC4006: Warning: The file "第二章 测量界面说明\2.2 系统主菜单\2.2.2 设置\2.2.2.1 系统设置\2.2.2.1 系统设置_clip_image037.jpg" is already listed in the [FILES] section of the project file.
HHC4006: Warning: The file "第二章 测量界面说明\2.2 系统主菜单\2.2.2 设置\2.2.2.1 系统设置\2.2.2.1 系统设置_clip_image015.jpg" is already listed in the [FILES] section of the project file.
HHC4006: Warning: The file "第三章 测头组装与应用\3.1 测头组装_clip_image013.jpg" is already listed in the [FILES] section of the project file.
HHC4006: Warning: The file "第七章 公差评定\7.4 垂直度_clip_image006.jpg" is already listed in the [FILES] section of the project file.
HHC4006: Warning: The file "第七章 公差评定\7.2 夹角_clip_image002.jpg" is already listed in the [FILES] section of the project file.
HHC4006: Warning: The file "第七章 公差评定\7.19 位置度_clip_image006.jpg" is already listed in the [FILES] section of the project file.
HHC4006: Warning: The file "第七章 公差评定\7.11 直径_clip_image002.jpg" is already listed in the [FILES] section of the project file.
HHC4006: Warning: The file "第七章 公差评定\7.1 距离_clip_image012.jpg" is already listed in the [FILES] section of the project file.
HHC4006: Warning: The file "第四章 元素测量\4.9 椭圆元素_clip_image002.jpg" is already listed in the [FILES] section of the project file.
HHC4006: Warning: The file "第四章 元素测量\4.8 球元素_clip_image002.jpg" is already listed in the [FILES] section of the project file.
HHC4006: Warning: The file "第四章 元素测量\4.6 圆柱元素_clip_image002.jpg" is already listed in the [FILES] section of the project file.
HHC4006: Warning: The file "第四章 元素测量\4.5 圆元素_clip_image004.jpg" is already listed in the [FILES] section of the project file.
HHC4006: Warning: The file "第四章 元素测量\4.2 点元素_clip_image004.jpg" is already listed in the [FILES] section of the project file.
HHC4006: Warning: The file "第四章 元素测量\4.1 元素的测量_clip_image044.jpg" is already listed in the [FILES] section of the project file.
HHC4006: Warning: The file "第四章 元素测量\4.1 元素的测量_clip_image022.jpg" is already listed in the [FILES] section of the project file.
HHC4006: Warning: The file "第六章 坐标系\6.3 旋转坐标系_clip_image016.jpg" is already listed in the [FILES] section of the project file.
HHC4006: Warning: The file "第六章 坐标系\6.1 3-2-1建立坐标系_clip_image018.jpg" is already listed in the [FILES] section of the project file.
HHC4006: Warning: The file "第八章 报表输出\8.4 图形报表输出_clip_image012.jpg" is already listed in the [FILES] section of the project file.
HHC4006: Warning: The file "第八章 报表输出\8.2 报表工具条_clip_image044.jpg" is already listed in the [FILES] section of the project file.
HHC4006: Warning: The file "第八章 报表输出\8.2 报表工具条_clip_image022.jpg" is already listed in the [FILES] section of the project file.
HHC4006: Warning: The file "第五章 元素构造\5.8 垂直_clip_image004.jpg" is already listed in the [FILES] section of the project file.
HHC4006: Warning: The file "第五章 元素构造\5.2 相交_clip_image003.jpg" is already listed in the [FILES] section of the project file.
HHC4006: Warning: The file "第五章 元素构造\5.15 元素转换_clip_image004.jpg" is already listed in the [FILES] section of the project file.
HHC4006: Warning: The file "第二章 测量界面说明\2.9 数据显示区_clip_image013.jpg" is already listed in the [FILES] section of the project file.
HHC4006: Warning: The file "第二章 测量界面说明\2.6 数据库区\2.6.4 坐标系数据库_clip_image003.jpg" is already listed in the [FILES] section of the project file.
HHC4006: Warning: The file "第二章 测量界面说明\2.6 数据库区\2.6.2 公差数据库_clip_image047.jpg" is already listed in the [FILES] section of the project file.
HHC4006: Warning: The file "第二章 测量界面说明\2.6 数据库区\2.6.2 公差数据库_clip_image025.jpg" is already listed in the [FILES] section of the project file.
HHC4006: Warning: The file "第二章 测量界面说明\2.6 数据库区\2.6.2 公差数据库_clip_image003.jpg" is already listed in the [FILES] section of the project file.
HHC4006: Warning: The file "第二章 测量界面说明\2.6 数据库区\2.6.1 测量元素数据库_clip_image055.jpg" is already listed in the [FILES] section of the project file.
HHC4006: Warning: The file "第二章 测量界面说明\2.6 数据库区\2.6.1 测量元素数据库_clip_image043――1.jpg" is already listed in the [FILES] section of the project file.
HHC4006: Warning: The file "第二章 测量界面说明\2.6 数据库区\2.6.1 测量元素数据库_clip_image033.jpg" is already listed in the [FILES] section of the project file.
HHC4006: Warning: The file "第二章 测量界面说明\2.6 数据库区\2.6.1 测量元素数据库_clip_image011.jpg" is already listed in the [FILES] section of the project file.
HHC4006: Warning: The file "第二章 测量界面说明\2.4 图形窗口\2.4.1 视图浏览设置工具条\2.4.1 视图浏览设置工具条_clip_image132.jpg" is already listed in the [FILES] section of the project file.
HHC4006: Warning: The file "第二章 测量界面说明\2.4 图形窗口\2.4.1 视图浏览设置工具条\2.4.1 视图浏览设置工具条_clip_image121.jpg" is already listed in the [FILES] section of the project file.
HHC4006: Warning: The file "第二章 测量界面说明\2.4 图形窗口\2.4.1 视图浏览设置工具条\2.4.1 视图浏览设置工具条_clip_image099.jpg" is already listed in the [FILES] section of the project file.
HHC4006: Warning: The file "第二章 测量界面说明\2.4 图形窗口\2.4.1 视图浏览设置工具条\2.4.1 视图浏览设置工具条_clip_image066.jpg" is already listed in the [FILES] section of the project file.
HHC4006: Warning: The file "第二章 测量界面说明\2.4 图形窗口\2.4.1 视图浏览设置工具条\2.4.1 视图浏览设置工具条_clip_image055.jpg" is already listed in the [FILES] section of the project file.
HHC4006: Warning: The file "第二章 测量界面说明\2.4 图形窗口\2.4.1 视图浏览设置工具条\2.4.1 视图浏览设置工具条_clip_image022.jpg" is already listed in the [FILES] section of the project file.
HHC4006: Warning: The file "第二章 测量界面说明\2.2 系统主菜单\2.2.3 显示\2.2.3 显示_clip_image050.jpg" is already listed in the [FILES] section of the project file.
HHC4006: Warning: The file "第二章 测量界面说明\2.2 系统主菜单\2.2.2 设置\2.2.2.1 系统设置\2.2.2.1 系统设置_clip_image005.jpg" is already listed in the [FILES] section of the project file.
HHC4006: Warning: The file "第二章 测量界面说明\2.1 测量界面概述_clip_image009.gif" is already listed in the [FILES] section of the project file.
HHC4006: Warning: The file "第九章 DMIS自学习功能应用\9.3 程序运行、调试工具条_clip_image038_0000.jpg" is already listed in the [FILES] section of the project file.
HHC4006: Warning: The file "第三章 测头组装与应用\3.6 RTP20校验_clip_image007.jpg" is already listed in the [FILES] section of the project file.
HHC4006: Warning: The file "第三章 测头组装与应用\3.5 测头测量参数设置_clip_image003.jpg" is already listed in the [FILES] section of the project file.
HHC4006: Warning: The file "第三章 测头组装与应用\3.4 校验测头_clip_image003.jpg" is already listed in the [FILES] section of the project file.
HHC4006: Warning: The file "第三章 测头组装与应用\3.2 定义测头_clip_image019.jpg" is already listed in the [FILES] section of the project file.
HHC4006: Warning: The file "第三章 测头组装与应用\3.1 测头组装_clip_image003.jpg" is already listed in the [FILES] section of the project file.
HHC4006: Warning: The file "第七章 公差评定\7.8 圆度_clip_image006.jpg" is already listed in the [FILES] section of the project file.
HHC4006: Warning: The file "第七章 公差评定\7.21 线轮廓度_clip_image002_0000.jpg" is already listed in the [FILES] section of the project file.
HHC4006: Warning: The file "第七章 公差评定\7.19 位置度_clip_image007.jpg" is already listed in the [FILES] section of the project file.
HHC4006: Warning: The file "第七章 公差评定\7.1 距离_clip_image002.jpg" is already listed in the [FILES] section of the project file.
HHC4006: Warning: The file "第四章 元素测量\4.9 椭圆元素_clip_image003.jpg" is already listed in the [FILES] section of the project file.
HHC4006: Warning: The file "第四章 元素测量\4.4 面元素_clip_image006.jpg" is already listed in the [FILES] section of the project file.
HHC4006: Warning: The file "第四章 元素测量\4.3 线元素_clip_image006.jpg" is already listed in the [FILES] section of the project file.
HHC4006: Warning: The file "第四章 元素测量\4.14 曲面元素_clip_image005.jpg" is already listed in the [FILES] section of the project file.
HHC4006: Warning: The file "第四章 元素测量\4.11 圆键槽元素_clip_image006.jpg" is already listed in the [FILES] section of the project file.
HHC4006: Warning: The file "第四章 元素测量\4.1 元素的测量_clip_image034.jpg" is already listed in the [FILES] section of the project file.
HHC4006: Warning: The file "第四章 元素测量\4.1 元素的测量_clip_image012.jpg" is already listed in the [FILES] section of the project file.
HHC4006: Warning: The file "第六章 坐标系\6.6 拟合坐标系_clip_image010.jpg" is already listed in the [FILES] section of the project file.
HHC4006: Warning: The file "第六章 坐标系\6.4 两点偏移坐标系_clip_image007.jpg" is already listed in the [FILES] section of the project file.
HHC4006: Warning: The file "第六章 坐标系\6.3 旋转坐标系_clip_image006.jpg" is already listed in the [FILES] section of the project file.
HHC4006: Warning: The file "第八章 报表输出\8.4 图形报表输出_clip_image002.jpg" is already listed in the [FILES] section of the project file.
HHC4006: Warning: The file "第八章 报表输出\8.2 报表工具条_clip_image034.jpg" is already listed in the [FILES] section of the project file.
HHC4006: Warning: The file "第八章 报表输出\8.2 报表工具条_clip_image012.jpg" is already listed in the [FILES] section of the project file.
HHC4006: Warning: The file "第五章 元素构造\5.5 相切_clip_image023_0001.jpg" is already listed in the [FILES] section of the project file.
HHC4006: Warning: The file "第五章 元素构造\5.16 元素端点_clip_image007.jpg" is already listed in the [FILES] section of the project file.
HHC4006: Warning: The file "第五章 元素构造\5.14 阵列_clip_image011.jpg" is already listed in the [FILES] section of the project file.
HHC4006: Warning: The file "第五章 元素构造\5.13 限制_clip_image002_0000.jpg" is already listed in the [FILES] section of the project file.
HHC4006: Warning: The file "第五章 元素构造\5.13 限制_clip_image002.jpg" is already listed in the [FILES] section of the project file.
HHC4006: Warning: The file "第二章 测量界面说明\2.9 数据显示区_clip_image003.jpg" is already listed in the [FILES] section of the project file.
HHC4006: Warning: The file "第二章 测量界面说明\2.6 数据库区\index_clip_image015.jpg" is already listed in the [FILES] section of the project file.
HHC4006: Warning: The file "第二章 测量界面说明\2.6 数据库区\2.6.2 公差数据库_clip_image037.jpg" is already listed in the [FILES] section of the project file.
HHC4006: Warning: The file "第二章 测量界面说明\2.6 数据库区\2.6.2 公差数据库_clip_image015.jpg" is already listed in the [FILES] section of the project file.
HHC4006: Warning: The file "第二章 测量界面说明\2.6 数据库区\2.6.1 测量元素数据库_clip_image067.jpg" is already listed in the [FILES] section of the project file.
HHC4006: Warning: The file "第二章 测量界面说明\2.6 数据库区\2.6.1 测量元素数据库_clip_image045.jpg" is already listed in the [FILES] section of the project file.
HHC4006: Warning: The file "第二章 测量界面说明\2.6 数据库区\2.6.1 测量元素数据库_clip_image023.jpg" is already listed in the [FILES] section of the project file.
HHC4006: Warning: The file "第二章 测量界面说明\2.4 图形窗口\2.4.1 视图浏览设置工具条\2.4.1 视图浏览设置工具条_clip_image122.jpg" is already listed in the [FILES] section of the project file.
HHC4006: Warning: The file "第二章 测量界面说明\2.4 图形窗口\2.4.1 视图浏览设置工具条\2.4.1 视图浏览设置工具条_clip_image111.jpg" is already listed in the [FILES] section of the project file.
HHC4006: Warning: The file "第二章 测量界面说明\2.4 图形窗口\2.4.1 视图浏览设置工具条\2.4.1 视图浏览设置工具条_clip_image049_0000.jpg" is already listed in the [FILES] section of the project file.
HHC4006: Warning: The file "第二章 测量界面说明\2.4 图形窗口\2.4.1 视图浏览设置工具条\2.4.1 视图浏览设置工具条_clip_image020_0000.jpg" is already listed in the [FILES] section of the project file.
HHC4006: Warning: The file "第二章 测量界面说明\2.4 图形窗口\2.4.1 视图浏览设置工具条\2.4.1 视图浏览设置工具条_clip_image012_0001.jpg" is already listed in the [FILES] section of the project file.
HHC4006: Warning: The file "第二章 测量界面说明\2.4 图形窗口\2.4.1 视图浏览设置工具条\2.4.1 视图浏览设置工具条_clip_image012.jpg" is already listed in the [FILES] section of the project file.
HHC4006: Warning: The file "第二章 测量界面说明\2.2 系统主菜单\2.2.3 显示\2.2.3 显示_clip_image062.jpg" is already listed in the [FILES] section of the project file.
HHC4006: Warning: The file "第二章 测量界面说明\2.2 系统主菜单\2.2.3 显示\2.2.3 显示_clip_image040.jpg" is already listed in the [FILES] section of the project file.
HHC4006: Warning: The file "第二章 测量界面说明\2.2 系统主菜单\2.2.2 设置\2.2.2.1 系统设置\2.2.2.1 系统设置_clip_image039.jpg" is already listed in the [FILES] section of the project file.
HHC4006: Warning: The file "第二章 测量界面说明\2.2 系统主菜单\2.2.2 设置\2.2.2.1 系统设置\2.2.2.1 系统设置_clip_image017.jpg" is already listed in the [FILES] section of the project file.
HHC4006: Warning: The file "第九章 DMIS自学习功能应用\9.3 程序运行、调试工具条_clip_image040.jpg" is already listed in the [FILES] section of the project file.
HHC4006: Warning: The file "第九章 DMIS自学习功能应用\9.1 DMIS程序编辑工具条_clip_image030.jpg" is already listed in the [FILES] section of the project file.
HHC4006: Warning: The file "第三章 测头组装与应用\3.6 RTP20校验_clip_image008.jpg" is already listed in the [FILES] section of the project file.
HHC4006: Warning: The file "第三章 测头组装与应用\3.2 定义测头_clip_image009.jpg" is already listed in the [FILES] section of the project file.
HHC4006: Warning: The file "第三章 测头组装与应用\3.1 测头组装_clip_image015.jpg" is already listed in the [FILES] section of the project file.
HHC4006: Warning: The file "第七章 公差评定\7.3 平行度_clip_image006.jpg" is already listed in the [FILES] section of the project file.
HHC4006: Warning: The file "第七章 公差评定\7.20 点轮廓度_clip_image006.jpg" is already listed in the [FILES] section of the project file.
HHC4006: Warning: The file "第七章 公差评定\7.16 同轴度（同心度）_clip_image002.jpg" is already listed in the [FILES] section of the project file.
HHC4006: Warning: The file "第七章 公差评定\7.15 全跳动_clip_image002.jpg" is already listed in the [FILES] section of the project file.
HHC4006: Warning: The file "第一章 概述\1.4 说明\1.4.3 控件的使用_clip_image031.jpg" is already listed in the [FILES] section of the project file.
HHC4006: Warning: The file "第一章 概述\1.4 说明\1.4.3 控件的使用_clip_image020.jpg" is already listed in the [FILES] section of the project file.
HHC4006: Warning: The file "第四章 元素测量\4.8 球元素_clip_image004.jpg" is already listed in the [FILES] section of the project file.
HHC4006: Warning: The file "第四章 元素测量\4.6 圆柱元素_clip_image004.jpg" is already listed in the [FILES] section of the project file.
HHC4006: Warning: The file "第四章 元素测量\4.5 圆元素_clip_image006.jpg" is already listed in the [FILES] section of the project file.
HHC4006: Warning: The file "第四章 元素测量\4.2 点元素_clip_image006.jpg" is already listed in the [FILES] section of the project file.
HHC4006: Warning: The file "第四章 元素测量\4.11 圆键槽元素_clip_image002_0000.jpg" is already listed in the [FILES] section of the project file.
HHC4006: Warning: The file "第四章 元素测量\4.1 元素的测量_clip_image046.jpg" is already listed in the [FILES] section of the project file.
HHC4006: Warning: The file "第四章 元素测量\4.1 元素的测量_clip_image024.jpg" is already listed in the [FILES] section of the project file.
HHC4006: Warning: The file "第四章 元素测量\4.1 元素的测量_clip_image002.jpg" is already listed in the [FILES] section of the project file.
HHC4006: Warning: The file "第六章 坐标系\6.3 旋转坐标系_clip_image018.jpg" is already listed in the [FILES] section of the project file.
HHC4006: Warning: The file "第八章 报表输出\8.4 图形报表输出_clip_image014.jpg" is already listed in the [FILES] section of the project file.
HHC4006: Warning: The file "第八章 报表输出\8.2 报表工具条_clip_image046.jpg" is already listed in the [FILES] section of the project file.
HHC4006: Warning: The file "第八章 报表输出\8.2 报表工具条_clip_image024.jpg" is already listed in the [FILES] section of the project file.
HHC4006: Warning: The file "第八章 报表输出\8.2 报表工具条_clip_image002.jpg" is already listed in the [FILES] section of the project file.
HHC4006: Warning: The file "第五章 元素构造\5.5 相切_clip_image023_0002.jpg" is already listed in the [FILES] section of the project file.
HHC4006: Warning: The file "第五章 元素构造\5.2 相交_clip_image005.jpg" is already listed in the [FILES] section of the project file.
HHC4006: Warning: The file "第五章 元素构造\5.11 镜像_clip_image002_0000.jpg" is already listed in the [FILES] section of the project file.
HHC4006: Warning: The file "第二章 测量界面说明\2.9 数据显示区_clip_image015.jpg" is already listed in the [FILES] section of the project file.
HHC4006: Warning: The file "第二章 测量界面说明\2.8 系统状态2区_clip_image003.jpg" is already listed in the [FILES] section of the project file.
HHC4006: Warning: The file "第二章 测量界面说明\2.7 系统状态1区\2.7.1 系统状态栏_clip_image011.jpg" is already listed in the [FILES] section of the project file.
HHC4006: Warning: The file "第二章 测量界面说明\2.6 数据库区\2.6.4 坐标系数据库_clip_image005.jpg" is already listed in the [FILES] section of the project file.
HHC4006: Warning: The file "第二章 测量界面说明\2.6 数据库区\2.6.2 公差数据库_clip_image027.jpg" is already listed in the [FILES] section of the project file.
HHC4006: Warning: The file "第二章 测量界面说明\2.6 数据库区\2.6.2 公差数据库_clip_image005.jpg" is already listed in the [FILES] section of the project file.
HHC4006: Warning: The file "第二章 测量界面说明\2.6 数据库区\2.6.1 测量元素数据库_clip_image035.jpg" is already listed in the [FILES] section of the project file.
HHC4006: Warning: The file "第二章 测量界面说明\2.6 数据库区\2.6.1 测量元素数据库_clip_image013.jpg" is already listed in the [FILES] section of the project file.
HHC4006: Warning: The file "第二章 测量界面说明\2.4 图形窗口\index_clip_image006.jpg" is already listed in the [FILES] section of the project file.
HHC4006: Warning: The file "第二章 测量界面说明\2.4 图形窗口\2.4.1 视图浏览设置工具条\2.4.1 视图浏览设置工具条_clip_image140_1.jpg" is already listed in the [FILES] section of the project file.
HHC4006: Warning: The file "第二章 测量界面说明\2.4 图形窗口\2.4.1 视图浏览设置工具条\2.4.1 视图浏览设置工具条_clip_image134.jpg" is already listed in the [FILES] section of the project file.
HHC4006: Warning: The file "第二章 测量界面说明\2.4 图形窗口\2.4.1 视图浏览设置工具条\2.4.1 视图浏览设置工具条_clip_image101.jpg" is already listed in the [FILES] section of the project file.
HHC4006: Warning: The file "第二章 测量界面说明\2.4 图形窗口\2.4.1 视图浏览设置工具条\2.4.1 视图浏览设置工具条_clip_image068.jpg" is already listed in the [FILES] section of the project file.
HHC4006: Warning: The file "第二章 测量界面说明\2.4 图形窗口\2.4.1 视图浏览设置工具条\2.4.1 视图浏览设置工具条_clip_image057.jpg" is already listed in the [FILES] section of the project file.
HHC4006: Warning: The file "第二章 测量界面说明\2.2 系统主菜单\2.2.3 显示\2.2.3 显示_clip_image052.jpg" is already listed in the [FILES] section of the project file.
HHC4006: Warning: The file "第二章 测量界面说明\2.2 系统主菜单\2.2.2 设置\2.2.2.1 系统设置\2.2.2.1 系统设置_clip_image007.jpg" is already listed in the [FILES] section of the project file.
HHC4006: Warning: The file "第九章 DMIS自学习功能应用\9.3 程序运行、调试工具条_clip_image030.jpg" is already listed in the [FILES] section of the project file.
HHC4006: Warning: The file "第九章 DMIS自学习功能应用\9.1 DMIS程序编辑工具条_clip_image020.jpg" is already listed in the [FILES] section of the project file.
HHC4006: Warning: The file "第三章 测头组装与应用\3.5 测头测量参数设置_clip_image005.jpg" is already listed in the [FILES] section of the project file.
HHC4006: Warning: The file "第三章 测头组装与应用\3.4 校验测头_clip_image005.jpg" is already listed in the [FILES] section of the project file.
HHC4006: Warning: The file "第三章 测头组装与应用\3.1 测头组装_clip_image005.jpg" is already listed in the [FILES] section of the project file.
HHC4006: Warning: The file "第七章 公差评定\7.7 平面度_clip_image002_0000.jpg" is already listed in the [FILES] section of the project file.
HHC4006: Warning: The file "第七章 公差评定\7.6 直线度_clip_image002_0000.jpg" is already listed in the [FILES] section of the project file.
HHC4006: Warning: The file "第七章 公差评定\7.22 面轮廓度_clip_image006.jpg" is already listed in the [FILES] section of the project file.
HHC4006: Warning: The file "第七章 公差评定\7.21 线轮廓度_clip_image002.jpg" is already listed in the [FILES] section of the project file.
HHC4006: Warning: The file "第七章 公差评定\7.2 夹角_clip_image002_0000.jpg" is already listed in the [FILES] section of the project file.
HHC4006: Warning: The file "第七章 公差评定\7.15 全跳动_clip_image003.jpg" is already listed in the [FILES] section of the project file.
HHC4006: Warning: The file "第四章 元素测量\4.9 椭圆元素_clip_image005.jpg" is already listed in the [FILES] section of the project file.
HHC4006: Warning: The file "第四章 元素测量\4.2 点元素_clip_image002_0000.jpg" is already listed in the [FILES] section of the project file.
HHC4006: Warning: The file "第四章 元素测量\4.14 曲面元素_clip_image007.jpg" is already listed in the [FILES] section of the project file.
HHC4006: Warning: The file "第四章 元素测量\4.1 元素的测量_clip_image036.jpg" is already listed in the [FILES] section of the project file.
HHC4006: Warning: The file "第四章 元素测量\4.1 元素的测量_clip_image014.jpg" is already listed in the [FILES] section of the project file.
HHC4006: Warning: The file "第六章 坐标系\6.4 两点偏移坐标系_clip_image009.jpg" is already listed in the [FILES] section of the project file.
HHC4006: Warning: The file "第六章 坐标系\6.3 旋转坐标系_clip_image008.jpg" is already listed in the [FILES] section of the project file.
HHC4006: Warning: The file "第八章 报表输出\8.4 图形报表输出_clip_image004.jpg" is already listed in the [FILES] section of the project file.
HHC4006: Warning: The file "第八章 报表输出\8.2 报表工具条_clip_image036.jpg" is already listed in the [FILES] section of the project file.
HHC4006: Warning: The file "第八章 报表输出\8.2 报表工具条_clip_image014.jpg" is already listed in the [FILES] section of the project file.
HHC4006: Warning: The file "第八章 报表输出\8.1 图形报表输出_clip_image010.jpg" is already listed in the [FILES] section of the project file.
HHC4006: Warning: The file "第五章 元素构造\5.5 相切_clip_image023_0003.jpg" is already listed in the [FILES] section of the project file.
HHC4006: Warning: The file "第五章 元素构造\5.5 相切_clip_image019_0001.jpg" is already listed in the [FILES] section of the project file.
HHC4006: Warning: The file "第五章 元素构造\5.14 阵列_clip_image013.jpg" is already listed in the [FILES] section of the project file.
HHC4006: Warning: The file "第五章 元素构造\5.14 阵列_clip_image002.jpg" is already listed in the [FILES] section of the project file.
HHC4006: Warning: The file "第五章 元素构造\5.13 限制_clip_image004.jpg" is already listed in the [FILES] section of the project file.
HHC4006: Warning: The file "第二章 测量界面说明\2.9 数据显示区_clip_image005.jpg" is already listed in the [FILES] section of the project file.
HHC4006: Warning: The file "第二章 测量界面说明\2.7 系统状态1区\2.7.2 自学习模式_clip_image002.jpg" is already listed in the [FILES] section of the project file.
HHC4006: Warning: The file "第二章 测量界面说明\2.6 数据库区\index_clip_image017.jpg" is already listed in the [FILES] section of the project file.
HHC4006: Warning: The file "第二章 测量界面说明\2.6 数据库区\2.6.2 公差数据库_clip_image039.jpg" is already listed in the [FILES] section of the project file.
HHC4006: Warning: The file "第二章 测量界面说明\2.6 数据库区\2.6.2 公差数据库_clip_image017.jpg" is already listed in the [FILES] section of the project file.
HHC4006: Warning: The file "第二章 测量界面说明\2.6 数据库区\2.6.1 测量元素数据库_clip_image069.jpg" is already listed in the [FILES] section of the project file.
HHC4006: Warning: The file "第二章 测量界面说明\2.6 数据库区\2.6.1 测量元素数据库_clip_image047.jpg" is already listed in the [FILES] section of the project file.
HHC4006: Warning: The file "第二章 测量界面说明\2.6 数据库区\2.6.1 测量元素数据库_clip_image025.jpg" is already listed in the [FILES] section of the project file.
HHC4006: Warning: The file "第二章 测量界面说明\2.6 数据库区\2.6.1 测量元素数据库_clip_image003.jpg" is already listed in the [FILES] section of the project file.
HHC4006: Warning: The file "第二章 测量界面说明\2.4 图形窗口\2.4.1 视图浏览设置工具条\2.4.1 视图浏览设置工具条_clip_image124.jpg" is already listed in the [FILES] section of the project file.
HHC4006: Warning: The file "第二章 测量界面说明\2.4 图形窗口\2.4.1 视图浏览设置工具条\2.4.1 视图浏览设置工具条_clip_image113.jpg" is already listed in the [FILES] section of the project file.
HHC4006: Warning: The file "第二章 测量界面说明\2.4 图形窗口\2.4.1 视图浏览设置工具条\2.4.1 视图浏览设置工具条_clip_image057_0000.jpg" is already listed in the [FILES] section of the project file.
HHC4006: Warning: The file "第二章 测量界面说明\2.4 图形窗口\2.4.1 视图浏览设置工具条\2.4.1 视图浏览设置工具条_clip_image035_1.jpg" is already listed in the [FILES] section of the project file.
HHC4006: Warning: The file "第二章 测量界面说明\2.4 图形窗口\2.4.1 视图浏览设置工具条\2.4.1 视图浏览设置工具条_clip_image016_0000.jpg" is already listed in the [FILES] section of the project file.
HHC4006: Warning: The file "第二章 测量界面说明\2.4 图形窗口\2.4.1 视图浏览设置工具条\2.4.1 视图浏览设置工具条_clip_image014.jpg" is already listed in the [FILES] section of the project file.
HHC4006: Warning: The file "第二章 测量界面说明\2.2 系统主菜单\2.2.3 显示\2.2.3 显示_clip_image064.jpg" is already listed in the [FILES] section of the project file.
HHC4006: Warning: The file "第二章 测量界面说明\2.2 系统主菜单\2.2.3 显示\2.2.3 显示_clip_image042.jpg" is already listed in the [FILES] section of the project file.
HHC4006: Warning: The file "第二章 测量界面说明\2.2 系统主菜单\2.2.2 设置\2.2.2.4 远程键盘_clip_image002.jpg" is already listed in the [FILES] section of the project file.
HHC4006: Warning: The file "第二章 测量界面说明\2.2 系统主菜单\2.2.2 设置\2.2.2.1 系统设置\2.2.2.1 系统设置_clip_image019.jpg" is already listed in the [FILES] section of the project file.
HHC4006: Warning: The file "第九章 DMIS自学习功能应用\9.3 程序运行、调试工具条_clip_image042.jpg" is already listed in the [FILES] section of the project file.
HHC4006: Warning: The file "第九章 DMIS自学习功能应用\9.3 程序运行、调试工具条_clip_image020.jpg" is already listed in the [FILES] section of the project file.
HHC4006: Warning: The file "第九章 DMIS自学习功能应用\9.1 DMIS程序编辑工具条_clip_image032.jpg" is already listed in the [FILES] section of the project file.
HHC4006: Warning: The file "第三章 测头组装与应用\3.4 校验测头_clip_image003_0000.jpg" is already listed in the [FILES] section of the project file.
HHC4006: Warning: The file "第三章 测头组装与应用\3.1 测头组装_clip_image017.jpg" is already listed in the [FILES] section of the project file.
HHC4006: Warning: The file "第七章 公差评定\7.9 圆柱度_clip_image002.jpg" is already listed in the [FILES] section of the project file.
HHC4006: Warning: The file "第七章 公差评定\7.18 宽度（长度）_clip_image002.jpg" is already listed in the [FILES] section of the project file.
HHC4006: Warning: The file "第七章 公差评定\7.12 锥角_clip_image005_0001.jpg" is already listed in the [FILES] section of the project file.
HHC4006: Warning: The file "第七章 公差评定\7.11 直径_clip_image006.jpg" is already listed in the [FILES] section of the project file.
HHC4006: Warning: The file "第七章 公差评定\7.11 直径_clip_image002_0000.jpg" is already listed in the [FILES] section of the project file.
HHC4006: Warning: The file "第一章 概述\1.4 说明\1.4.3 控件的使用_clip_image033.jpg" is already listed in the [FILES] section of the project file.
HHC4006: Warning: The file "第一章 概述\1.4 说明\1.4.3 控件的使用_clip_image022.jpg" is already listed in the [FILES] section of the project file.
HHC4006: Warning: The file "images\newnewnew.jpg" is already listed in the [FILES] section of the project file.
HHC4006: Warning: The file "images\logo.jpg" is already listed in the [FILES] section of the project file.
HHC4006: Warning: The file "第四章 元素测量\4.8 球元素_clip_image006.jpg" is already listed in the [FILES] section of the project file.
HHC4006: Warning: The file "第四章 元素测量\4.6 圆柱元素_clip_image006.jpg" is already listed in the [FILES] section of the project file.
HHC4006: Warning: The file "第四章 元素测量\4.2 点元素_clip_image008.jpg" is already listed in the [FILES] section of the project file.
HHC4006: Warning: The file "第四章 元素测量\4.1 元素的测量_clip_image026.jpg" is already listed in the [FILES] section of the project file.
HHC4006: Warning: The file "第四章 元素测量\4.1 元素的测量_clip_image004.jpg" is already listed in the [FILES] section of the project file.
HHC4006: Warning: The file "第六章 坐标系\6.6 拟合坐标系_clip_image002.jpg" is already listed in the [FILES] section of the project file.
HHC4006: Warning: The file "第六章 坐标系\6.4 两点偏移坐标系_clip_image002_0000.jpg" is already listed in the [FILES] section of the project file.
HHC4006: Warning: The file "第八章 报表输出\8.4 图形报表输出_clip_image016.jpg" is already listed in the [FILES] section of the project file.
HHC4006: Warning: The file "第八章 报表输出\8.4 图形报表输出_clip_image006_0000.jpg" is already listed in the [FILES] section of the project file.
HHC4006: Warning: The file "第八章 报表输出\8.2 报表工具条_clip_image048.jpg" is already listed in the [FILES] section of the project file.
HHC4006: Warning: The file "第八章 报表输出\8.2 报表工具条_clip_image026.jpg" is already listed in the [FILES] section of the project file.
HHC4006: Warning: The file "第八章 报表输出\8.2 报表工具条_clip_image004.jpg" is already listed in the [FILES] section of the project file.
HHC4006: Warning: The file "第五章 元素构造\index_clip_image011.jpg" is already listed in the [FILES] section of the project file.
HHC4006: Warning: The file "第五章 元素构造\5.5 相切_clip_image023_0004.jpg" is already listed in the [FILES] section of the project file.
HHC4006: Warning: The file "第五章 元素构造\5.5 相切_clip_image019_0002.jpg" is already listed in the [FILES] section of the project file.
HHC4006: Warning: The file "第五章 元素构造\5.5 相切_clip_image005_0000.jpg" is already listed in the [FILES] section of the project file.
HHC4006: Warning: The file "第二章 测量界面说明\2.9 数据显示区_clip_image017.jpg" is already listed in the [FILES] section of the project file.
HHC4006: Warning: The file "第二章 测量界面说明\2.8 系统状态2区_clip_image005.jpg" is already listed in the [FILES] section of the project file.
HHC4006: Warning: The file "第二章 测量界面说明\2.6 数据库区\2.6.4 坐标系数据库_clip_image007.jpg" is already listed in the [FILES] section of the project file.
HHC4006: Warning: The file "第二章 测量界面说明\2.6 数据库区\2.6.2 公差数据库_clip_image048.gif" is already listed in the [FILES] section of the project file.
HHC4006: Warning: The file "第二章 测量界面说明\2.6 数据库区\2.6.2 公差数据库_clip_image029.jpg" is already listed in the [FILES] section of the project file.
HHC4006: Warning: The file "第二章 测量界面说明\2.6 数据库区\2.6.2 公差数据库_clip_image007.jpg" is already listed in the [FILES] section of the project file.
HHC4006: Warning: The file "第二章 测量界面说明\2.6 数据库区\2.6.1 测量元素数据库_clip_image015.jpg" is already listed in the [FILES] section of the project file.
HHC4006: Warning: The file "第二章 测量界面说明\2.4 图形窗口\2.4.1 视图浏览设置工具条\2.4.1 视图浏览设置工具条_clip_image136.jpg" is already listed in the [FILES] section of the project file.
HHC4006: Warning: The file "第二章 测量界面说明\2.4 图形窗口\2.4.1 视图浏览设置工具条\2.4.1 视图浏览设置工具条_clip_image103.jpg" is already listed in the [FILES] section of the project file.
HHC4006: Warning: The file "第二章 测量界面说明\2.4 图形窗口\2.4.1 视图浏览设置工具条\2.4.1 视图浏览设置工具条_clip_image059.jpg" is already listed in the [FILES] section of the project file.
HHC4006: Warning: The file "第二章 测量界面说明\2.4 图形窗口\2.4.1 视图浏览设置工具条\2.4.1 视图浏览设置工具条_clip_image037.jpg" is already listed in the [FILES] section of the project file.
HHC4006: Warning: The file "第二章 测量界面说明\2.2 系统主菜单\2.2.3 显示\2.2.3 显示_clip_image010.jpg" is already listed in the [FILES] section of the project file.
HHC4006: Warning: The file "第二章 测量界面说明\2.2 系统主菜单\2.2.3 显示\2.2.3 显示_clip_image054.jpg" is already listed in the [FILES] section of the project file.
HHC4006: Warning: The file "第二章 测量界面说明\2.2 系统主菜单\2.2.2 设置\index_clip_image002.jpg" is already listed in the [FILES] section of the project file.
HHC4006: Warning: The file "第二章 测量界面说明\2.2 系统主菜单\2.2.2 设置\2.2.2.1 系统设置\2.2.2.1 系统设置_clip_image009.jpg" is already listed in the [FILES] section of the project file.
HHC4006: Warning: The file "第九章 DMIS自学习功能应用\9.4 右键菜单_clip_image008_0002.jpg" is already listed in the [FILES] section of the project file.
HHC4006: Warning: The file "第九章 DMIS自学习功能应用\9.3 程序运行、调试工具条_clip_image032.jpg" is already listed in the [FILES] section of the project file.
HHC4006: Warning: The file "第九章 DMIS自学习功能应用\9.3 程序运行、调试工具条_clip_image010.jpg" is already listed in the [FILES] section of the project file.
HHC4006: Warning: The file "第九章 DMIS自学习功能应用\9.1 DMIS程序编辑工具条_clip_image022.jpg" is already listed in the [FILES] section of the project file.
HHC4006: Warning: The file "第三章 测头组装与应用\3.4 校验测头_clip_image007.jpg" is already listed in the [FILES] section of the project file.
HHC4006: Warning: The file "第三章 测头组装与应用\3.1 测头组装_clip_image007.jpg" is already listed in the [FILES] section of the project file.
HHC4006: Warning: The file "第七章 公差评定\7.9 圆柱度_clip_image002_0000.jpg" is already listed in the [FILES] section of the project file.
HHC4006: Warning: The file "第七章 公差评定\7.2 夹角_clip_image007.jpg" is already listed in the [FILES] section of the project file.
HHC4006: Warning: The file "第七章 公差评定\7.1 距离_clip_image017.jpg" is already listed in the [FILES] section of the project file.
HHC4006: Warning: The file "第一章 概述\1.4 说明\1.4.3 控件的使用_clip_image023.jpg" is already listed in the [FILES] section of the project file.
HHC4006: Warning: The file "第四章 元素测量\4.9 椭圆元素_clip_image007.jpg" is already listed in the [FILES] section of the project file.
HHC4006: Warning: The file "第四章 元素测量\4.1 元素的测量_clip_image038.jpg" is already listed in the [FILES] section of the project file.
HHC4006: Warning: The file "第四章 元素测量\4.1 元素的测量_clip_image016.jpg" is already listed in the [FILES] section of the project file.
HHC4006: Warning: The file "第六章 坐标系\6.7 合并坐标系_clip_image010.jpg" is already listed in the [FILES] section of the project file.
HHC4006: Warning: The file "第六章 坐标系\6.2 平移坐标系_clip_image010.jpg" is already listed in the [FILES] section of the project file.
HHC4006: Warning: The file "第八章 报表输出\8.4 图形报表输出_clip_image006.jpg" is already listed in the [FILES] section of the project file.
HHC4006: Warning: The file "第八章 报表输出\8.2 报表工具条_clip_image038.jpg" is already listed in the [FILES] section of the project file.
HHC4006: Warning: The file "第八章 报表输出\8.2 报表工具条_clip_image016.jpg" is already listed in the [FILES] section of the project file.
HHC4006: Warning: The file "第八章 报表输出\8.1 图形报表输出_clip_image012.jpg" is already listed in the [FILES] section of the project file.
HHC4006: Warning: The file "第五章 元素构造\5.5 相切_clip_image023_0005.jpg" is already listed in the [FILES] section of the project file.
HHC4006: Warning: The file "第五章 元素构造\5.5 相切_clip_image019_0003.jpg" is already listed in the [FILES] section of the project file.
HHC4006: Warning: The file "第五章 元素构造\5.5 相切_clip_image005_0001.jpg" is already listed in the [FILES] section of the project file.
HHC4006: Warning: The file "第五章 元素构造\5.16 元素端点_clip_image002_0000.jpg" is already listed in the [FILES] section of the project file.
HHC4006: Warning: The file "第五章 元素构造\5.14 阵列_clip_image002_0000.jpg" is already listed in the [FILES] section of the project file.
HHC4006: Warning: The file "第五章 元素构造\5.10 偏移平面_clip_image002_0000.jpg" is already listed in the [FILES] section of the project file.
HHC4006: Warning: The file "第二章 测量界面说明\2.9 数据显示区_clip_image007.jpg" is already listed in the [FILES] section of the project file.
HHC4006: Warning: The file "第二章 测量界面说明\2.7 系统状态1区\2.7.2 自学习模式_clip_image004.jpg" is already listed in the [FILES] section of the project file.
HHC4006: Warning: The file "第二章 测量界面说明\2.7 系统状态1区\2.7.1 系统状态栏_clip_image003.jpg" is already listed in the [FILES] section of the project file.
HHC4006: Warning: The file "第二章 测量界面说明\2.6 数据库区\index_clip_image019.jpg" is already listed in the [FILES] section of the project file.
HHC4006: Warning: The file "第二章 测量界面说明\2.6 数据库区\index_clip_image008.jpg" is already listed in the [FILES] section of the project file.
HHC4006: Warning: The file "第二章 测量界面说明\2.6 数据库区\2.6.3 测头数据库_clip_image010.jpg" is already listed in the [FILES] section of the project file.
HHC4006: Warning: The file "第二章 测量界面说明\2.6 数据库区\2.6.2 公差数据库_clip_image049.gif" is already listed in the [FILES] section of the project file.
HHC4006: Warning: The file "第二章 测量界面说明\2.6 数据库区\2.6.2 公差数据库_clip_image019.jpg" is already listed in the [FILES] section of the project file.
HHC4006: Warning: The file "第二章 测量界面说明\2.6 数据库区\2.6.1 测量元素数据库_clip_image049.jpg" is already listed in the [FILES] section of the project file.
HHC4006: Warning: The file "第二章 测量界面说明\2.6 数据库区\2.6.1 测量元素数据库_clip_image038.jpg" is already listed in the [FILES] section of the project file.
HHC4006: Warning: The file "第二章 测量界面说明\2.6 数据库区\2.6.1 测量元素数据库_clip_image027.jpg" is already listed in the [FILES] section of the project file.
HHC4006: Warning: The file "第二章 测量界面说明\2.6 数据库区\2.6.1 测量元素数据库_clip_image005.jpg" is already listed in the [FILES] section of the project file.
HHC4006: Warning: The file "第二章 测量界面说明\2.4 图形窗口\2.4.1 视图浏览设置工具条\2.4.1 视图浏览设置工具条_clip_image126.jpg" is already listed in the [FILES] section of the project file.
HHC4006: Warning: The file "第二章 测量界面说明\2.4 图形窗口\2.4.1 视图浏览设置工具条\2.4.1 视图浏览设置工具条_clip_image115.jpg" is already listed in the [FILES] section of the project file.
HHC4006: Warning: The file "第二章 测量界面说明\2.4 图形窗口\2.4.1 视图浏览设置工具条\2.4.1 视图浏览设置工具条_clip_image027.jpg" is already listed in the [FILES] section of the project file.
HHC4006: Warning: The file "第二章 测量界面说明\2.4 图形窗口\2.4.1 视图浏览设置工具条\2.4.1 视图浏览设置工具条_clip_image016.jpg" is already listed in the [FILES] section of the project file.
HHC4006: Warning: The file "第二章 测量界面说明\2.2 系统主菜单\2.2.3 显示\2.2.3 显示_clip_image044.jpg" is already listed in the [FILES] section of the project file.
HHC4006: Warning: The file "第二章 测量界面说明\2.2 系统主菜单\2.2.2 设置\2.2.2.4 远程键盘_clip_image004.jpg" is already listed in the [FILES] section of the project file.
HHC4006: Warning: The file "第二章 测量界面说明\2.2 系统主菜单\2.2.2 设置\2.2.2.1 系统设置\2.2.2.1 系统设置_2.2.2.1 系统设置_clip_image027.jpg" is already listed in the [FILES] section of the project file.
HHC4006: Warning: The file "第九章 DMIS自学习功能应用\9.4 右键菜单_clip_image008_0003.jpg" is already listed in the [FILES] section of the project file.
HHC4006: Warning: The file "第九章 DMIS自学习功能应用\9.3 程序运行、调试工具条_clip_image022.jpg" is already listed in the [FILES] section of the project file.
HHC4006: Warning: The file "第九章 DMIS自学习功能应用\9.1 DMIS程序编辑工具条_clip_image034.jpg" is already listed in the [FILES] section of the project file.
HHC4006: Warning: The file "第三章 测头组装与应用\3.1 测头组装_clip_image019.jpg" is already listed in the [FILES] section of the project file.
HHC4006: Warning: The file "第七章 公差评定\7.6 直线度_clip_image002.jpg" is already listed in the [FILES] section of the project file.
HHC4006: Warning: The file "第七章 公差评定\7.20 点轮廓度_clip_image002_0000.jpg" is already listed in the [FILES] section of the project file.
HHC4006: Warning: The file "第七章 公差评定\7.2 夹角_clip_image008.jpg" is already listed in the [FILES] section of the project file.
HHC4006: Warning: The file "第七章 公差评定\7.16 同轴度（同心度）_clip_image006.jpg" is already listed in the [FILES] section of the project file.
HHC4006: Warning: The file "第七章 公差评定\7.12 锥角_clip_image002_0001.jpg" is already listed in the [FILES] section of the project file.
HHC4006: Warning: The file "第七章 公差评定\7.10 半径_clip_image005_0001.jpg" is already listed in the [FILES] section of the project file.
HHC4006: Warning: The file "第七章 公差评定\7.1 距离_clip_image007.jpg" is already listed in the [FILES] section of the project file.
HHC4006: Warning: The file "第七章 公差评定\7.1 距离_clip_image002_0000.jpg" is already listed in the [FILES] section of the project file.
HHC4006: Warning: The file "第一章 概述\1.4 说明\1.4.3 控件的使用_clip_image035.jpg" is already listed in the [FILES] section of the project file.
HHC4006: Warning: The file "第一章 概述\1.4 说明\1.4.3 控件的使用_clip_image013.jpg" is already listed in the [FILES] section of the project file.
HHC4006: Warning: The file "第四章 元素测量\4.6 圆柱元素_clip_image008.jpg" is already listed in the [FILES] section of the project file.
HHC4006: Warning: The file "第四章 元素测量\4.13 曲线元素_clip_image002.jpg" is already listed in the [FILES] section of the project file.
HHC4006: Warning: The file "第四章 元素测量\4.12 方键槽元素_clip_image002.jpg" is already listed in the [FILES] section of the project file.
HHC4006: Warning: The file "第四章 元素测量\4.1 元素的测量_clip_image028.jpg" is already listed in the [FILES] section of the project file.
HHC4006: Warning: The file "第四章 元素测量\4.1 元素的测量_clip_image006.jpg" is already listed in the [FILES] section of the project file.
HHC4006: Warning: The file "第六章 坐标系\6.6 拟合坐标系_clip_image004.jpg" is already listed in the [FILES] section of the project file.
HHC4006: Warning: The file "第六章 坐标系\6.5 三点偏移坐标系_clip_image010.jpg" is already listed in the [FILES] section of the project file.
HHC4006: Warning: The file "第六章 坐标系\6.5 三点偏移坐标系_clip_image002_0000.jpg" is already listed in the [FILES] section of the project file.
HHC4006: Warning: The file "第六章 坐标系\6.3 旋转坐标系_clip_image019.gif" is already listed in the [FILES] section of the project file.
HHC4006: Warning: The file "第八章 报表输出\8.4 图形报表输出_clip_image018.jpg" is already listed in the [FILES] section of the project file.
HHC4006: Warning: The file "第八章 报表输出\8.2 报表工具条_clip_image028.jpg" is already listed in the [FILES] section of the project file.
HHC4006: Warning: The file "第八章 报表输出\8.2 报表工具条_clip_image006.jpg" is already listed in the [FILES] section of the project file.
HHC4006: Warning: The file "第五章 元素构造\5.5 相切_clip_image023_0006.jpg" is already listed in the [FILES] section of the project file.
HHC4006: Warning: The file "第五章 元素构造\5.5 相切_clip_image019_0004.jpg" is already listed in the [FILES] section of the project file.
HHC4006: Warning: The file "第五章 元素构造\5.5 相切_clip_image002_0000.jpg" is already listed in the [FILES] section of the project file.
HHC4006: Warning: The file "第五章 元素构造\5.14 阵列_clip_image005.jpg" is already listed in the [FILES] section of the project file.
HHC4006: Warning: The file "第五章 元素构造\5.1 投影_clip_image002.jpg" is already listed in the [FILES] section of the project file.
HHC4006: Warning: The file "第二章 测量界面说明\2.9 数据显示区_clip_image019.jpg" is already listed in the [FILES] section of the project file.
HHC4006: Warning: The file "第二章 测量界面说明\2.8 系统状态2区_clip_image007.jpg" is already listed in the [FILES] section of the project file.
HHC4006: Warning: The file "第二章 测量界面说明\2.7 系统状态1区\2.7.1 系统状态栏_clip_image005_0000.jpg" is already listed in the [FILES] section of the project file.
HHC4006: Warning: The file "第二章 测量界面说明\2.6 数据库区\index_clip_image009.jpg" is already listed in the [FILES] section of the project file.
HHC4006: Warning: The file "第二章 测量界面说明\2.6 数据库区\2.6.4 坐标系数据库_clip_image009.jpg" is already listed in the [FILES] section of the project file.
HHC4006: Warning: The file "第二章 测量界面说明\2.6 数据库区\2.6.2 公差数据库_clip_image009.jpg" is already listed in the [FILES] section of the project file.
HHC4006: Warning: The file "第二章 测量界面说明\2.6 数据库区\2.6.1 测量元素数据库_clip_image035_0000.jpg" is already listed in the [FILES] section of the project file.
HHC4006: Warning: The file "第二章 测量界面说明\2.6 数据库区\2.6.1 测量元素数据库_clip_image036.gif" is already listed in the [FILES] section of the project file.
HHC4006: Warning: The file "第二章 测量界面说明\2.6 数据库区\2.6.1 测量元素数据库_clip_image017.jpg" is already listed in the [FILES] section of the project file.
HHC4006: Warning: The file "第二章 测量界面说明\2.4 图形窗口\2.4.1 视图浏览设置工具条\2.4.1 视图浏览设置工具条_clip_image105.jpg" is already listed in the [FILES] section of the project file.
HHC4006: Warning: The file "第二章 测量界面说明\2.4 图形窗口\2.4.1 视图浏览设置工具条\2.4.1 视图浏览设置工具条_clip_image039――1.jpg" is already listed in the [FILES] section of the project file.
HHC4006: Warning: The file "第二章 测量界面说明\2.4 图形窗口\2.4.1 视图浏览设置工具条\untitled.jpg" is already listed in the [FILES] section of the project file.
HHC4006: Warning: The file "第二章 测量界面说明\2.2 系统主菜单\2.2.3 显示\2.2.3 显示_clip_image056.jpg" is already listed in the [FILES] section of the project file.
HHC4006: Warning: The file "第二章 测量界面说明\2.2 系统主菜单\2.2.1 文件_clip_image010.jpg" is already listed in the [FILES] section of the project file.
HHC4006: Warning: The file "第九章 DMIS自学习功能应用\9.3 程序运行、调试工具条_clip_image034.jpg" is already listed in the [FILES] section of the project file.
HHC4006: Warning: The file "第九章 DMIS自学习功能应用\9.3 程序运行、调试工具条_clip_image012.jpg" is already listed in the [FILES] section of the project file.
HHC4006: Warning: The file "第九章 DMIS自学习功能应用\9.1 DMIS程序编辑工具条_clip_image024.jpg" is already listed in the [FILES] section of the project file.
HHC4006: Warning: The file "第九章 DMIS自学习功能应用\9.1 DMIS程序编辑工具条_clip_image002.jpg" is already listed in the [FILES] section of the project file.
HHC4006: Warning: The file "第三章 测头组装与应用\3.4 校验测头_clip_image009.jpg" is already listed in the [FILES] section of the project file.
HHC4006: Warning: The file "第三章 测头组装与应用\3.1 测头组装_clip_image011_0000.jpg" is already listed in the [FILES] section of the project file.
HHC4006: Warning: The file "第三章 测头组装与应用\3.1 测头组装_clip_image009.jpg" is already listed in the [FILES] section of the project file.
HHC4006: Warning: The file "第七章 公差评定\7.8 圆度_clip_image002_0000.jpg" is already listed in the [FILES] section of the project file.
HHC4006: Warning: The file "第七章 公差评定\7.4 垂直度_clip_image002_0000.jpg" is already listed in the [FILES] section of the project file.
HHC4006: Warning: The file "第七章 公差评定\7.22 面轮廓度_clip_image002_0000.jpg" is already listed in the [FILES] section of the project file.
HHC4006: Warning: The file "第七章 公差评定\7.21 线轮廓度_clip_image006.jpg" is already listed in the [FILES] section of the project file.
HHC4006: Warning: The file "第七章 公差评定\7.16 同轴度（同心度）_clip_image002_0000.jpg" is already listed in the [FILES] section of the project file.
HHC4006: Warning: The file "第七章 公差评定\7.15 全跳动_clip_image007.jpg" is already listed in the [FILES] section of the project file.
HHC4006: Warning: The file "第七章 公差评定\7.14 圆跳动_clip_image002_0000.jpg" is already listed in the [FILES] section of the project file.
HHC4006: Warning: The file "第七章 公差评定\7.12 锥角_clip_image002_0002.jpg" is already listed in the [FILES] section of the project file.
HHC4006: Warning: The file "第七章 公差评定\7.1 距离_clip_image008.jpg" is already listed in the [FILES] section of the project file.
HHC4006: Warning: The file "第一章 概述\1.5 开机操作流程_clip_image002.jpg" is already listed in the [FILES] section of the project file.
HHC4006: Warning: The file "第一章 概述\1.4 说明\1.4.3 控件的使用_clip_image025.jpg" is already listed in the [FILES] section of the project file.
HHC4006: Warning: The file "第四章 元素测量\4.3 线元素_clip_image002_0000.jpg" is already listed in the [FILES] section of the project file.
HHC4006: Warning: The file "第四章 元素测量\4.12 方键槽元素_clip_image003.jpg" is already listed in the [FILES] section of the project file.
HHC4006: Warning: The file "第四章 元素测量\4.1 元素的测量_clip_image018.jpg" is already listed in the [FILES] section of the project file.
HHC4006: Warning: The file "第六章 坐标系\6.7 合并坐标系_clip_image002_0000.jpg" is already listed in the [FILES] section of the project file.
HHC4006: Warning: The file "第六章 坐标系\6.2 平移坐标系_clip_image012.jpg" is already listed in the [FILES] section of the project file.
HHC4006: Warning: The file "第八章 报表输出\8.4 图形报表输出_clip_image008.jpg" is already listed in the [FILES] section of the project file.
HHC4006: Warning: The file "第八章 报表输出\8.2 报表工具条_clip_image018.jpg" is already listed in the [FILES] section of the project file.
HHC4006: Warning: The file "第八章 报表输出\8.1 图形报表输出_clip_image014.jpg" is already listed in the [FILES] section of the project file.
HHC4006: Warning: The file "第五章 元素构造\5.1 投影_clip_image003.jpg" is already listed in the [FILES] section of the project file.
HHC4006: Warning: The file "第二章 测量界面说明\2.9 数据显示区_clip_image009.jpg" is already listed in the [FILES] section of the project file.
HHC4006: Warning: The file "第二章 测量界面说明\2.7 系统状态1区\2.7.1 系统状态栏_clip_image005.jpg" is already listed in the [FILES] section of the project file.
HHC4006: Warning: The file "第二章 测量界面说明\2.6 数据库区\2.6.3 测头数据库_clip_image012.jpg" is already listed in the [FILES] section of the project file.
HHC4006: Warning: The file "第二章 测量界面说明\2.6 数据库区\2.6.1 测量元素数据库_clip_image029.jpg" is already listed in the [FILES] section of the project file.
HHC4006: Warning: The file "第二章 测量界面说明\2.6 数据库区\2.6.1 测量元素数据库_clip_image007.jpg" is already listed in the [FILES] section of the project file.
HHC4006: Warning: The file "第二章 测量界面说明\2.4 图形窗口\2.4.1 视图浏览设置工具条\2.4.1 视图浏览设置工具条_clip_image128.jpg" is already listed in the [FILES] section of the project file.
HHC4006: Warning: The file "第二章 测量界面说明\2.4 图形窗口\2.4.1 视图浏览设置工具条\2.4.1 视图浏览设置工具条_clip_image051_0000.jpg" is already listed in the [FILES] section of the project file.
HHC4006: Warning: The file "第二章 测量界面说明\2.4 图形窗口\2.4.1 视图浏览设置工具条\2.4.1 视图浏览设置工具条_clip_image029.jpg" is already listed in the [FILES] section of the project file.
HHC4006: Warning: The file "第二章 测量界面说明\2.4 图形窗口\2.4.1 视图浏览设置工具条\2.4.1 视图浏览设置工具条_clip_image018.jpg" is already listed in the [FILES] section of the project file.
HHC4006: Warning: The file "第二章 测量界面说明\2.2 系统主菜单\2.2.3 显示\2.2.3 显示_clip_image046.jpg" is already listed in the [FILES] section of the project file.
HHC4006: Warning: The file "第二章 测量界面说明\2.2 系统主菜单\2.2.3 显示\2.2.3 显示_clip_image035.jpg" is already listed in the [FILES] section of the project file.
HHC4006: Warning: The file "第二章 测量界面说明\2.2 系统主菜单\2.2.2 设置\2.2.2.4 远程键盘_clip_image006.jpg" is already listed in the [FILES] section of the project file.
HHC4006: Warning: The file "第二章 测量界面说明\2.2 系统主菜单\2.2.2 设置\2.2.2.3 工具条_clip_image003.jpg" is already listed in the [FILES] section of the project file.
HHC4006: Warning: The file "第二章 测量界面说明\2.10 DMIS程序区_clip_image002.jpg" is already listed in the [FILES] section of the project file.
HHC4006: Warning: The file "第九章 DMIS自学习功能应用\9.4 右键菜单_clip_image002_0001.jpg" is already listed in the [FILES] section of the project file.
HHC4006: Warning: The file "第九章 DMIS自学习功能应用\9.3 程序运行、调试工具条_clip_image024.jpg" is already listed in the [FILES] section of the project file.
HHC4006: Warning: The file "第九章 DMIS自学习功能应用\9.3 程序运行、调试工具条_clip_image002.jpg" is already listed in the [FILES] section of the project file.
HHC4006: Warning: The file "第九章 DMIS自学习功能应用\9.1 DMIS程序编辑工具条_clip_image036.jpg" is already listed in the [FILES] section of the project file.
HHC4006: Warning: The file "第七章 公差评定\7.9 圆柱度_clip_image006.jpg" is already listed in the [FILES] section of the project file.
HHC4006: Warning: The file "第七章 公差评定\7.21 线轮廓度_clip_image007.jpg" is already listed in the [FILES] section of the project file.
HHC4006: Warning: The file "第七章 公差评定\7.14 圆跳动_clip_image002.jpg" is already listed in the [FILES] section of the project file.
HHC4006: Warning: The file "第七章 公差评定\7.10 半径_clip_image002_0001.jpg" is already listed in the [FILES] section of the project file.
HHC4006: Warning: The file "第一章 概述\1.4 说明\1.4.3 控件的使用_clip_image015.jpg" is already listed in the [FILES] section of the project file.
HHC4006: Warning: The file "第四章 元素测量\4.13 曲线元素_clip_image004.jpg" is already listed in the [FILES] section of the project file.
HHC4006: Warning: The file "第四章 元素测量\4.1 元素的测量_clip_image008.jpg" is already listed in the [FILES] section of the project file.
HHC4006: Warning: The file "第六章 坐标系\6.7 合并坐标系_clip_image002.jpg" is already listed in the [FILES] section of the project file.
HHC4006: Warning: The file "第六章 坐标系\6.6 拟合坐标系_clip_image006.jpg" is already listed in the [FILES] section of the project file.
HHC4006: Warning: The file "第六章 坐标系\6.2 平移坐标系_clip_image002.jpg" is already listed in the [FILES] section of the project file.
HHC4006: Warning: The file "第六章 坐标系\6.1 3-2-1建立坐标系_clip_image020.jpg" is already listed in the [FILES] section of the project file.
HHC4006: Warning: The file "第六章 坐标系\6.1 3-2-1建立坐标系_clip_image002_0000.jpg" is already listed in the [FILES] section of the project file.
HHC4006: Warning: The file "第八章 报表输出\8.2 报表工具条_clip_image008.jpg" is already listed in the [FILES] section of the project file.
HHC4006: Warning: The file "第五章 元素构造\5.14 阵列_clip_image007.jpg" is already listed in the [FILES] section of the project file.
HHC4006: Warning: The file "第二章 测量界面说明\2.8 系统状态2区_clip_image009.jpg" is already listed in the [FILES] section of the project file.
HHC4006: Warning: The file "第二章 测量界面说明\2.6 数据库区\2.6.1 测量元素数据库_clip_image019.jpg" is already listed in the [FILES] section of the project file.
HHC4006: Warning: The file "第二章 测量界面说明\2.4 图形窗口\2.4.1 视图浏览设置工具条\2.4.1 视图浏览设置工具条_clip_image107.jpg" is already listed in the [FILES] section of the project file.
HHC4006: Warning: The file "第二章 测量界面说明\2.2 系统主菜单\index_clip_image002.jpg" is already listed in the [FILES] section of the project file.
HHC4006: Warning: The file "第二章 测量界面说明\2.2 系统主菜单\2.2.4 帮助_clip_image003.jpg" is already listed in the [FILES] section of the project file.
HHC4006: Warning: The file "第二章 测量界面说明\2.2 系统主菜单\2.2.3 显示\2.2.3 显示_clip_image014.jpg" is already listed in the [FILES] section of the project file.
HHC4006: Warning: The file "第二章 测量界面说明\2.2 系统主菜单\2.2.3 显示\2.2.3 显示_clip_image058.jpg" is already listed in the [FILES] section of the project file.
HHC4006: Warning: The file "第二章 测量界面说明\2.2 系统主菜单\2.2.3 显示\2.2.3 显示_clip_image036.jpg" is already listed in the [FILES] section of the project file.
HHC4006: Warning: The file "第二章 测量界面说明\2.2 系统主菜单\2.2.3 显示\2.2.3 显示_clip_image003.jpg" is already listed in the [FILES] section of the project file.
HHC4006: Warning: The file "第二章 测量界面说明\2.2 系统主菜单\2.2.1 文件_clip_image012.jpg" is already listed in the [FILES] section of the project file.
HHC4006: Warning: The file "第九章 DMIS自学习功能应用\9.4 右键菜单_clip_image010_0001.jpg" is already listed in the [FILES] section of the project file.
HHC4006: Warning: The file "第九章 DMIS自学习功能应用\9.3 程序运行、调试工具条_clip_image036.jpg" is already listed in the [FILES] section of the project file.
HHC4006: Warning: The file "第九章 DMIS自学习功能应用\9.3 程序运行、调试工具条_clip_image014.jpg" is already listed in the [FILES] section of the project file.
HHC4006: Warning: The file "第九章 DMIS自学习功能应用\9.1 DMIS程序编辑工具条_clip_image026.jpg" is already listed in the [FILES] section of the project file.
HHC4006: Warning: The file "第九章 DMIS自学习功能应用\9.1 DMIS程序编辑工具条_clip_image004.jpg" is already listed in the [FILES] section of the project file.
HHC4006: Warning: The file "第三章 测头组装与应用\3.2 定义测头_clip_image010.jpg" is already listed in the [FILES] section of the project file.
HHC4006: Warning: The file "第三章 测头组装与应用\3.1 测头组装_clip_image007_0000.jpg" is already listed in the [FILES] section of the project file.
HHC4006: Warning: The file "第七章 公差评定\7.5 倾斜度_clip_image002_0000.jpg" is already listed in the [FILES] section of the project file.
HHC4006: Warning: The file "第七章 公差评定\7.18 宽度（长度）_clip_image007.jpg" is already listed in the [FILES] section of the project file.
HHC4006: Warning: The file "第七章 公差评定\7.17 对称度_clip_image002.jpg" is already listed in the [FILES] section of the project file.
HHC4006: Warning: The file "第七章 公差评定\7.10 半径_clip_image002_0002.jpg" is already listed in the [FILES] section of the project file.
HHC4006: Warning: The file "第一章 概述\1.5 开机操作流程_clip_image004.jpg" is already listed in the [FILES] section of the project file.
HHC4006: Warning: The file "第一章 概述\1.4 说明\1.4.3 控件的使用_clip_image027.jpg" is already listed in the [FILES] section of the project file.
HHC4006: Warning: The file "第一章 概述\1.4 说明\1.4.3 控件的使用_clip_image005.jpg" is already listed in the [FILES] section of the project file.
HHC4006: Warning: The file "第一章 概述\1.4 说明\1.4.1 键盘_clip_image002.jpg" is already listed in the [FILES] section of the project file.
HHC4006: Warning: The file "第四章 元素测量\4.12 方键槽元素_clip_image005.jpg" is already listed in the [FILES] section of the project file.
HHC4006: Warning: The file "第六章 坐标系\6.5 三点偏移坐标系_clip_image002.jpg" is already listed in the [FILES] section of the project file.
HHC4006: Warning: The file "第六章 坐标系\6.3 旋转坐标系_clip_image002_0000.jpg" is already listed in the [FILES] section of the project file.
HHC4006: Warning: The file "第六章 坐标系\6.1 3-2-1建立坐标系_clip_image0010.jpg" is already listed in the [FILES] section of the project file.
HHC4006: Warning: The file "第八章 报表输出\8.3 数据输出_clip_image002.jpg" is already listed in the [FILES] section of the project file.
HHC4006: Warning: The file "第五章 元素构造\index_clip_image027.jpg" is already listed in the [FILES] section of the project file.
HHC4006: Warning: The file "第五章 元素构造\5.9 移动_clip_image002.jpg" is already listed in the [FILES] section of the project file.
HHC4006: Warning: The file "第五章 元素构造\5.8 垂直_clip_image002_0000.jpg" is already listed in the [FILES] section of the project file.
HHC4006: Warning: The file "第五章 元素构造\5.1 投影_clip_image005.jpg" is already listed in the [FILES] section of the project file.
HHC4006: Warning: The file "第二章 测量界面说明\2.7 系统状态1区\2.7.1 系统状态栏_clip_image007.jpg" is already listed in the [FILES] section of the project file.
HHC4006: Warning: The file "第二章 测量界面说明\2.6 数据库区\2.6.3 测头数据库_clip_image014.jpg" is already listed in the [FILES] section of the project file.
HHC4006: Warning: The file "第二章 测量界面说明\2.6 数据库区\2.6.3 测头数据库_clip_image003.jpg" is already listed in the [FILES] section of the project file.
HHC4006: Warning: The file "第二章 测量界面说明\2.6 数据库区\2.6.1 测量元素数据库_clip_image009.jpg" is already listed in the [FILES] section of the project file.
HHC4006: Warning: The file "第二章 测量界面说明\2.2 系统主菜单\2.2.3 显示\2.2.3 显示_clip_image015.jpg" is already listed in the [FILES] section of the project file.
HHC4006: Warning: The file "第二章 测量界面说明\2.2 系统主菜单\2.2.3 显示\2.2.3 显示_clip_image048.jpg" is already listed in the [FILES] section of the project file.
HHC4006: Warning: The file "第二章 测量界面说明\2.2 系统主菜单\2.2.2 设置\2.2.2.4 远程键盘_clip_image008.jpg" is already listed in the [FILES] section of the project file.
HHC4006: Warning: The file "第二章 测量界面说明\2.2 系统主菜单\2.2.2 设置\2.2.2.3 工具条_clip_image005.jpg" is already listed in the [FILES] section of the project file.
HHC4006: Warning: The file "第二章 测量界面说明\2.2 系统主菜单\2.2.2 设置\2.2.2.1 系统设置\2.2.2.1 系统设置_clip_image041.jpg" is already listed in the [FILES] section of the project file.
HHC4006: Warning: The file "第二章 测量界面说明\2.2 系统主菜单\2.2.2 设置\2.2.2.1 系统设置\2.2.2.1 系统设置_clip_image030.jpg" is already listed in the [FILES] section of the project file.
HHC4006: Warning: The file "第二章 测量界面说明\2.2 系统主菜单\2.2.1 文件_clip_image002.jpg" is already listed in the [FILES] section of the project file.
HHC4006: Warning: The file "第九章 DMIS自学习功能应用\9.3 程序运行、调试工具条_clip_image026.jpg" is already listed in the [FILES] section of the project file.
HHC4006: Warning: The file "第九章 DMIS自学习功能应用\9.3 程序运行、调试工具条_clip_image004.jpg" is already listed in the [FILES] section of the project file.
HHC4006: Warning: The file "第九章 DMIS自学习功能应用\9.1 DMIS程序编辑工具条_clip_image038.jpg" is already listed in the [FILES] section of the project file.
HHC4006: Warning: The file "第三章 测头组装与应用\3.5 测头测量参数设置_clip_image008_001.jpg" is already listed in the [FILES] section of the project file.
HHC4006: Warning: The file "第七章 公差评定\7.6 直线度_clip_image006.jpg" is already listed in the [FILES] section of the project file.
HHC4006: Warning: The file "第七章 公差评定\7.18 宽度（长度）_clip_image008.jpg" is already listed in the [FILES] section of the project file.
HHC4006: Warning: The file "第七章 公差评定\7.18 宽度（长度）_clip_image002_0000.jpg" is already listed in the [FILES] section of the project file.
HHC4006: Warning: The file "第七章 公差评定\7.13 坐标系公差_clip_image002.jpg" is already listed in the [FILES] section of the project file.
HHC4006: Warning: The file "第一章 概述\1.4 说明\1.4.3 控件的使用_clip_image011_1.jpg" is already listed in the [FILES] section of the project file.
HHC4006: Warning: The file "第一章 概述\1.4 说明\1.4.3 控件的使用_clip_image009_1.jpg" is already listed in the [FILES] section of the project file.
HHC4001: Warning: The following alias line does not contain an '=' character separating the topic IDs: 锘.
HHC5008: Error: An unknown error occurred while creating the index.


The following files were not compiled:
